1502418602 1573080320 3604995157
1502418602 332616 39620 332616 39620
1502418301 126545 22393 126545 22393
1502418300 126412 22258 126545 22393
1502418000 146864 20438 401557 30564
1502417700 401557 30564 401557 30564
1502417400 401557 30564 401557 30564
1502417100 401557 30564 401557 30564
1502416800 401557 30564 401557 30564
1502416500 401557 30564 401557 30564
1502416200 401557 30564 401557 30564
1502415900 401557 30564 401557 30564
1502415600 401557 30564 401557 30564
1502415300 401557 30564 401557 30564
1502415000 401557 30564 401557 30564
1502414700 401557 30564 401557 30564
1502414400 401557 30564 401557 30564
1502414100 401557 30564 401557 30564
1502413800 401557 30564 401557 30564
1502413500 401557 30564 401557 30564
1502413200 401557 30564 401557 30564
1502412900 401557 30564 401557 30564
1502412600 401557 30564 401557 30564
1502412300 401557 30564 401557 30564
1502412000 401557 30564 401557 30564
1502411700 401557 30564 401557 30564
1502411400 401557 30564 401557 30564
1502411100 401557 30564 401557 30564
1502410800 401557 30564 401557 30564
1502410500 401557 30564 401557 30564
1502410200 401557 30564 401557 30564
1502409900 401557 30564 401557 30564
1502409600 401557 30564 401557 30564
1502409300 401557 30564 401557 30564
1502409000 401557 30564 401557 30564
1502408700 401557 30564 401557 30564
1502408400 401557 30564 401557 30564
1502408100 401557 30564 401557 30564
1502407800 401557 30564 401557 30564
1502407500 401557 30564 401557 30564
1502407200 401557 30564 401557 30564
1502406900 401557 30564 401557 30564
1502406600 401557 30564 401557 30564
1502406300 401557 30564 401557 30564
1502406000 401557 30564 401557 30564
1502405700 401557 30564 401557 30564
1502405400 401557 30564 401557 30564
1502405100 401557 30564 401557 30564
1502404800 401557 30564 401557 30564
1502404500 401557 30564 401557 30564
1502404200 401557 30564 401557 30564
1502403900 401557 30564 401557 30564
1502403600 401557 30564 401557 30564
1502403300 401557 30564 401557 30564
1502403000 401557 30564 401557 30564
1502402700 401557 30564 401557 30564
1502402400 401557 30564 401557 30564
1502402100 401557 30564 401557 30564
1502401800 401557 30564 401557 30564
1502401500 401557 30564 401557 30564
1502401200 401557 30564 401557 30564
1502400900 401557 30564 401557 30564
1502400600 401557 30564 401557 30564
1502400300 401557 30564 401557 30564
1502400000 401557 30564 401557 30564
1502399700 401557 30564 401557 30564
1502399400 401557 30564 401557 30564
1502399100 401557 30564 401557 30564
1502398800 401557 30564 401557 30564
1502398500 401557 30564 401557 30564
1502398200 401557 30564 401557 30564
1502397900 401557 30564 401557 30564
1502397600 401557 30564 401557 30564
1502397300 401557 30564 401557 30564
1502397000 401557 30564 401557 30564
1502396700 401557 30564 401557 30564
1502396400 401557 30564 401557 30564
1502396100 401557 30564 401557 30564
1502395800 401557 30564 401557 30564
1502395500 401557 30564 401557 30564
1502395200 401557 30564 401557 30564
1502394900 401557 30564 401557 30564
1502394600 401557 30564 401557 30564
1502394300 401557 30564 401557 30564
1502394000 401557 30564 401557 30564
1502393700 401557 30564 401557 30564
1502393400 401557 30564 401557 30564
1502393100 401557 30564 401557 30564
1502392800 401557 30564 401557 30564
1502392500 401557 30564 401557 30564
1502392200 401557 30564 401557 30564
1502391900 401557 30564 401557 30564
1502391600 401557 30564 401557 30564
1502391300 401557 30564 401557 30564
1502391000 401557 30564 401557 30564
1502390700 401557 30564 401557 30564
1502390400 401557 30564 401557 30564
1502390100 401557 30564 401557 30564
1502389800 401557 30564 401557 30564
1502389500 401557 30564 401557 30564
1502389200 401557 30564 401557 30564
1502388900 401557 30564 401557 30564
1502388600 401557 30564 401557 30564
1502388300 401557 30564 401557 30564
1502388000 401557 30564 401557 30564
1502387700 401557 30564 401557 30564
1502387400 401557 30564 401557 30564
1502387100 401557 30564 401557 30564
1502386800 401557 30564 401557 30564
1502386500 401557 30564 401557 30564
1502386200 401557 30564 401557 30564
1502385900 401557 30564 401557 30564
1502385600 401557 30564 401557 30564
1502385300 401557 30564 401557 30564
1502385000 401557 30564 401557 30564
1502384700 401557 30564 401557 30564
1502384400 401557 30564 401557 30564
1502384100 401557 30564 401557 30564
1502383800 401557 30564 401557 30564
1502383500 401557 30564 401557 30564
1502383200 401557 30564 401557 30564
1502382900 401557 30564 401557 30564
1502382600 401557 30564 401557 30564
1502382300 401557 30564 401557 30564
1502382000 401557 30564 401557 30564
1502381700 401557 30564 401557 30564
1502381400 401557 30564 401557 30564
1502381100 401557 30564 401557 30564
1502380800 401557 30564 401557 30564
1502380500 401557 30564 401557 30564
1502380200 401557 30564 401557 30564
1502379900 401557 30564 401557 30564
1502379600 401557 30564 401557 30564
1502379300 401557 30564 401557 30564
1502379000 401557 30564 401557 30564
1502378700 401557 30564 401557 30564
1502378400 401557 30564 401557 30564
1502378100 401557 30564 401557 30564
1502377800 401557 30564 401557 30564
1502377500 401557 30564 401557 30564
1502377200 401557 30564 401557 30564
1502376900 401557 30564 401557 30564
1502376600 401557 30564 401557 30564
1502376300 401557 30564 401557 30564
1502376000 401557 30564 401557 30564
1502375700 401557 30564 401557 30564
1502375400 401557 30564 401557 30564
1502375100 401557 30564 401557 30564
1502374800 401557 30564 401557 30564
1502374500 401557 30564 401557 30564
1502374200 401557 30564 401557 30564
1502373900 401557 30564 401557 30564
1502373600 401557 30564 401557 30564
1502373300 401557 30564 401557 30564
1502373000 401557 30564 401557 30564
1502372700 401557 30564 401557 30564
1502372400 401557 30564 401557 30564
1502372100 401557 30564 401557 30564
1502371800 401557 30564 401557 30564
1502371500 401557 30564 401557 30564
1502371200 401557 30564 401557 30564
1502370900 401557 30564 401557 30564
1502370600 401557 30564 401557 30564
1502370300 401557 30564 401557 30564
1502370000 401557 30564 401557 30564
1502369700 401557 30564 401557 30564
1502369400 401557 30564 401557 30564
1502369100 401557 30564 401557 30564
1502368800 401557 30564 401557 30564
1502368500 401557 30564 401557 30564
1502368200 401557 30564 401557 30564
1502367900 401557 30564 401557 30564
1502367600 401557 30564 401557 30564
1502367300 401557 30564 401557 30564
1502367000 401557 30564 401557 30564
1502366700 401557 30564 401557 30564
1502366400 401557 30564 401557 30564
1502366100 401557 30564 401557 30564
1502365800 401557 30564 401557 30564
1502365500 401557 30564 401557 30564
1502365200 401557 30564 401557 30564
1502364900 401557 30564 401557 30564
1502364600 401557 30564 401557 30564
1502364300 401557 30564 401557 30564
1502364000 401557 30564 401557 30564
1502363700 401557 30564 401557 30564
1502363400 401557 30564 401557 30564
1502363100 401557 30564 401557 30564
1502362800 401557 30564 401557 30564
1502362500 401557 30564 401557 30564
1502362200 401557 30564 401557 30564
1502361900 401557 30564 401557 30564
1502361600 401557 30564 401557 30564
1502361300 401557 30564 401557 30564
1502361000 401557 30564 401557 30564
1502360700 401557 30564 401557 30564
1502360400 401557 30564 401557 30564
1502360100 401557 30564 401557 30564
1502359800 401557 30564 401557 30564
1502359500 401557 30564 401557 30564
1502359200 401557 30564 401557 30564
1502358900 401557 30564 401557 30564
1502358600 401557 30564 401557 30564
1502358300 401557 30564 401557 30564
1502358000 401557 30564 401557 30564
1502357700 401557 30564 401557 30564
1502357400 401557 30564 401557 30564
1502357100 401557 30564 401557 30564
1502356800 401557 30564 401557 30564
1502356500 401557 30564 401557 30564
1502356200 401557 30564 401557 30564
1502355900 401557 30564 401557 30564
1502355600 401557 30564 401557 30564
1502355300 401557 30564 401557 30564
1502355000 401557 30564 401557 30564
1502354700 401557 30564 401557 30564
1502354400 401557 30564 401557 30564
1502354100 401557 30564 401557 30564
1502353800 401557 30564 401557 30564
1502353500 401557 30564 401557 30564
1502353200 401557 30564 401557 30564
1502352900 401557 30564 401557 30564
1502352600 401557 30564 401557 30564
1502352300 401557 30564 401557 30564
1502352000 401557 30564 401557 30564
1502351700 401557 30564 401557 30564
1502351400 401557 30564 401557 30564
1502351100 401557 30564 401557 30564
1502350800 401557 30564 401557 30564
1502350500 401557 30564 401557 30564
1502350200 401557 30564 401557 30564
1502349900 401557 30564 401557 30564
1502349600 401557 30564 401557 30564
1502349300 401557 30564 401557 30564
1502349000 401557 30564 401557 30564
1502348700 401557 30564 401557 30564
1502348400 401557 30564 401557 30564
1502348100 401557 30564 401557 30564
1502347800 401557 30564 401557 30564
1502347500 401557 30564 401557 30564
1502347200 401557 30564 401557 30564
1502346900 401557 30564 401557 30564
1502346600 401557 30564 401557 30564
1502346300 401557 30564 401557 30564
1502346000 401557 30564 401557 30564
1502345700 401557 30564 401557 30564
1502345400 401557 30564 401557 30564
1502345100 401557 30564 401557 30564
1502344800 401557 30564 401557 30564
1502344500 401557 30564 401557 30564
1502344200 401557 30564 401557 30564
1502343900 401557 30564 401557 30564
1502343600 401557 30564 401557 30564
1502343300 401557 30564 401557 30564
1502343000 401557 30564 401557 30564
1502342700 401557 30564 401557 30564
1502342400 401557 30564 401557 30564
1502342100 401557 30564 401557 30564
1502341800 401557 30564 401557 30564
1502341500 401557 30564 401557 30564
1502341200 401557 30564 401557 30564
1502340900 401557 30564 401557 30564
1502340600 401557 30564 401557 30564
1502340300 401557 30564 401557 30564
1502340000 401557 30564 401557 30564
1502339700 401557 30564 401557 30564
1502339400 401557 30564 401557 30564
1502339100 401557 30564 401557 30564
1502338800 401557 30564 401557 30564
1502338500 401557 30564 401557 30564
1502338200 401557 30564 401557 30564
1502337900 401557 30564 401557 30564
1502337600 401557 30564 401557 30564
1502337300 401557 30564 401557 30564
1502337000 401557 30564 401557 30564
1502336700 401557 30564 401557 30564
1502336400 401557 30564 401557 30564
1502336100 401557 30564 401557 30564
1502335800 401557 30564 401557 30564
1502335500 401557 30564 401557 30564
1502335200 401557 30564 401557 30564
1502334900 401557 30564 401557 30564
1502334600 401557 30564 401557 30564
1502334300 401557 30564 401557 30564
1502334000 401557 30564 401557 30564
1502333700 401557 30564 401557 30564
1502333400 401557 30564 401557 30564
1502333100 401557 30564 401557 30564
1502332800 401557 30564 401557 30564
1502332500 401557 30564 401557 30564
1502332200 401557 30564 401557 30564
1502331900 401557 30564 401557 30564
1502331600 401557 30564 401557 30564
1502331300 401557 30564 401557 30564
1502331000 401557 30564 401557 30564
1502330700 401557 30564 401557 30564
1502330400 401557 30564 401557 30564
1502330100 401557 30564 401557 30564
1502329800 401557 30564 401557 30564
1502329500 401557 30564 401557 30564
1502329200 401557 30564 401557 30564
1502328900 401557 30564 401557 30564
1502328600 401557 30564 401557 30564
1502328300 401557 30564 401557 30564
1502328000 401557 30564 401557 30564
1502327700 401557 30564 401557 30564
1502327400 401557 30564 401557 30564
1502327100 401557 30564 401557 30564
1502326800 401557 30564 401557 30564
1502326500 401557 30564 401557 30564
1502326200 401557 30564 401557 30564
1502325900 401557 30564 401557 30564
1502325600 401557 30564 401557 30564
1502325300 401557 30564 401557 30564
1502325000 401557 30564 401557 30564
1502324700 401557 30564 401557 30564
1502324400 401557 30564 401557 30564
1502324100 401557 30564 401557 30564
1502323800 401557 30564 401557 30564
1502323500 401557 30564 401557 30564
1502323200 401557 30564 401557 30564
1502322900 401557 30564 401557 30564
1502322600 401557 30564 401557 30564
1502322300 401557 30564 401557 30564
1502322000 401557 30564 401557 30564
1502321700 401557 30564 401557 30564
1502321400 401557 30564 401557 30564
1502321100 401557 30564 401557 30564
1502320800 401557 30564 401557 30564
1502320500 401557 30564 401557 30564
1502320200 401557 30564 401557 30564
1502319900 401557 30564 401557 30564
1502319600 401557 30564 401557 30564
1502319300 401557 30564 401557 30564
1502319000 401557 30564 401557 30564
1502318700 401557 30564 401557 30564
1502318400 401557 30564 401557 30564
1502318100 401557 30564 401557 30564
1502317800 401557 30564 401557 30564
1502317500 401557 30564 401557 30564
1502317200 401557 30564 401557 30564
1502316900 401557 30564 401557 30564
1502316600 401557 30564 401557 30564
1502316300 401557 30564 401557 30564
1502316000 401557 30564 401557 30564
1502315700 401557 30564 401557 30564
1502315400 401557 30564 401557 30564
1502315100 401557 30564 401557 30564
1502314800 401557 30564 401557 30564
1502314500 401557 30564 401557 30564
1502314200 401557 30564 401557 30564
1502313900 401557 30564 401557 30564
1502313600 401557 30564 401557 30564
1502313300 401557 30564 401557 30564
1502313000 401557 30564 401557 30564
1502312700 401557 30564 401557 30564
1502312400 401557 30564 401557 30564
1502312100 401557 30564 401557 30564
1502311800 401557 30564 401557 30564
1502311500 401557 30564 401557 30564
1502311200 401557 30564 401557 30564
1502310900 401557 30564 401557 30564
1502310600 401557 30564 401557 30564
1502310300 401557 30564 401557 30564
1502310000 401557 30564 401557 30564
1502309700 401557 30564 401557 30564
1502309400 401557 30564 401557 30564
1502309100 401557 30564 401557 30564
1502308800 401557 30564 401557 30564
1502308500 401557 30564 401557 30564
1502308200 401557 30564 401557 30564
1502307900 401557 30564 401557 30564
1502307600 401557 30564 401557 30564
1502307300 401557 30564 401557 30564
1502307000 401557 30564 401557 30564
1502306700 401557 30564 401557 30564
1502306400 401557 30564 401557 30564
1502306100 401557 30564 401557 30564
1502305800 401557 30564 401557 30564
1502305500 401557 30564 401557 30564
1502305200 401557 30564 401557 30564
1502304900 401557 30564 401557 30564
1502304600 401557 30564 401557 30564
1502304300 401557 30564 401557 30564
1502304000 401557 30564 401557 30564
1502303700 401557 30564 401557 30564
1502303400 401557 30564 401557 30564
1502303100 401557 30564 401557 30564
1502302800 401557 30564 401557 30564
1502302500 401557 30564 401557 30564
1502302200 401557 30564 401557 30564
1502301900 401557 30564 401557 30564
1502301600 401557 30564 401557 30564
1502301300 401557 30564 401557 30564
1502301000 401557 30564 401557 30564
1502300700 401557 30564 401557 30564
1502300400 401557 30564 401557 30564
1502300100 401557 30564 401557 30564
1502299800 401557 30564 401557 30564
1502299500 401557 30564 401557 30564
1502299200 401557 30564 401557 30564
1502298900 401557 30564 401557 30564
1502298600 401557 30564 401557 30564
1502298300 401557 30564 401557 30564
1502298000 401557 30564 401557 30564
1502297700 401557 30564 401557 30564
1502297400 401557 30564 401557 30564
1502297100 401557 30564 401557 30564
1502296800 401557 30564 401557 30564
1502296500 401557 30564 401557 30564
1502296200 401557 30564 401557 30564
1502295900 401557 30564 401557 30564
1502295600 401557 30564 401557 30564
1502295300 401557 30564 401557 30564
1502295000 401557 30564 401557 30564
1502294700 401557 30564 401557 30564
1502294400 401557 30564 401557 30564
1502294100 401557 30564 401557 30564
1502293800 401557 30564 401557 30564
1502293500 401557 30564 401557 30564
1502293200 401557 30564 401557 30564
1502292900 401557 30564 401557 30564
1502292600 401557 30564 401557 30564
1502292300 401557 30564 401557 30564
1502292000 401557 30564 401557 30564
1502291700 401557 30564 401557 30564
1502291400 401557 30564 401557 30564
1502291100 401557 30564 401557 30564
1502290800 401557 30564 401557 30564
1502290500 401557 30564 401557 30564
1502290200 401557 30564 401557 30564
1502289900 401557 30564 401557 30564
1502289600 401557 30564 401557 30564
1502289300 401557 30564 401557 30564
1502289000 401557 30564 401557 30564
1502288700 401557 30564 401557 30564
1502288400 401557 30564 401557 30564
1502288100 401557 30564 401557 30564
1502287800 401557 30564 401557 30564
1502287500 401557 30564 401557 30564
1502287200 401557 30564 401557 30564
1502286900 401557 30564 401557 30564
1502286600 401557 30564 401557 30564
1502286300 401557 30564 401557 30564
1502286000 401557 30564 401557 30564
1502285700 401557 30564 401557 30564
1502285400 401557 30564 401557 30564
1502285100 401557 30564 401557 30564
1502284800 401557 30564 401557 30564
1502284500 401557 30564 401557 30564
1502284200 401557 30564 401557 30564
1502283900 401557 30564 401557 30564
1502283600 401557 30564 401557 30564
1502283300 401557 30564 401557 30564
1502283000 401557 30564 401557 30564
1502282700 401557 30564 401557 30564
1502282400 401557 30564 401557 30564
1502282100 401557 30564 401557 30564
1502281800 401557 30564 401557 30564
1502281500 401557 30564 401557 30564
1502281200 401557 30564 401557 30564
1502280900 401557 30564 401557 30564
1502280600 401557 30564 401557 30564
1502280300 401557 30564 401557 30564
1502280000 401557 30564 401557 30564
1502279700 401557 30564 401557 30564
1502279400 401557 30564 401557 30564
1502279100 401557 30564 401557 30564
1502278800 401557 30564 401557 30564
1502278500 401557 30564 401557 30564
1502278200 401557 30564 401557 30564
1502277900 401557 30564 401557 30564
1502277600 401557 30564 401557 30564
1502277300 401557 30564 401557 30564
1502277000 401557 30564 401557 30564
1502276700 401557 30564 401557 30564
1502276400 401557 30564 401557 30564
1502276100 401557 30564 401557 30564
1502275800 401557 30564 401557 30564
1502275500 401557 30564 401557 30564
1502275200 401557 30564 401557 30564
1502274900 401557 30564 401557 30564
1502274600 401557 30564 401557 30564
1502274300 401557 30564 401557 30564
1502274000 401557 30564 401557 30564
1502273700 401557 30564 401557 30564
1502273400 401557 30564 401557 30564
1502273100 401557 30564 401557 30564
1502272800 401557 30564 401557 30564
1502272500 401557 30564 401557 30564
1502272200 401557 30564 401557 30564
1502271900 401557 30564 401557 30564
1502271600 401557 30564 401557 30564
1502271300 401557 30564 401557 30564
1502271000 401557 30564 401557 30564
1502270700 401557 30564 401557 30564
1502270400 401557 30564 401557 30564
1502270100 401557 30564 401557 30564
1502269800 401557 30564 401557 30564
1502269500 401557 30564 401557 30564
1502269200 401557 30564 401557 30564
1502268900 401557 30564 401557 30564
1502268600 401557 30564 401557 30564
1502268300 401557 30564 401557 30564
1502268000 401557 30564 401557 30564
1502267700 401557 30564 401557 30564
1502267400 401557 30564 401557 30564
1502267100 401557 30564 401557 30564
1502266800 401557 30564 401557 30564
1502266500 401557 30564 401557 30564
1502266200 401557 30564 401557 30564
1502265900 401557 30564 401557 30564
1502265600 401557 30564 401557 30564
1502265300 401557 30564 401557 30564
1502265000 401557 30564 401557 30564
1502264700 401557 30564 401557 30564
1502264400 401557 30564 401557 30564
1502264100 401557 30564 401557 30564
1502263800 401557 30564 401557 30564
1502263500 401557 30564 401557 30564
1502263200 401557 30564 401557 30564
1502262900 401557 30564 401557 30564
1502262600 401557 30564 401557 30564
1502262300 401557 30564 401557 30564
1502262000 401557 30564 401557 30564
1502261700 401557 30564 401557 30564
1502261400 401557 30564 401557 30564
1502261100 401557 30564 401557 30564
1502260800 401557 30564 401557 30564
1502260500 401557 30564 401557 30564
1502260200 401557 30564 401557 30564
1502259900 401557 30564 401557 30564
1502259600 401557 30564 401557 30564
1502259300 401557 30564 401557 30564
1502259000 401557 30564 401557 30564
1502258700 401557 30564 401557 30564
1502258400 401557 30564 401557 30564
1502258100 401557 30564 401557 30564
1502257800 401557 30564 401557 30564
1502257500 401557 30564 401557 30564
1502257200 401557 30564 401557 30564
1502256900 401557 30564 401557 30564
1502256600 401557 30564 401557 30564
1502256300 401557 30564 401557 30564
1502256000 401557 30564 401557 30564
1502255700 401557 30564 401557 30564
1502255400 401557 30564 401557 30564
1502255100 401557 30564 401557 30564
1502254800 401557 30564 401557 30564
1502254500 401557 30564 401557 30564
1502254200 401557 30564 401557 30564
1502253900 401557 30564 401557 30564
1502253600 401557 30564 401557 30564
1502253300 401557 30564 401557 30564
1502253000 401557 30564 401557 30564
1502252700 401557 30564 401557 30564
1502252400 401557 30564 401557 30564
1502252100 401557 30564 401557 30564
1502251800 401557 30564 401557 30564
1502251500 401557 30564 401557 30564
1502251200 401557 30564 401557 30564
1502250900 401557 30564 401557 30564
1502250600 401557 30564 401557 30564
1502250300 401557 30564 401557 30564
1502250000 401557 30564 401557 30564
1502249700 401557 30564 401557 30564
1502249400 401557 30564 401557 30564
1502249100 401557 30564 401557 30564
1502248800 401557 30564 401557 30564
1502248500 401557 30564 401557 30564
1502248200 401557 30564 401557 30564
1502247900 401557 30564 401557 30564
1502247600 401557 30564 401557 30564
1502247300 401557 30564 401557 30564
1502247000 401557 30564 401557 30564
1502246700 401557 30564 401557 30564
1502246400 401557 30564 401557 30564
1502246100 401557 30564 401557 30564
1502245800 401557 30564 401557 30564
1502245500 401557 30564 401557 30564
1502245200 401557 30564 401557 30564
1502244900 401557 30564 401557 30564
1502244600 401557 30564 401557 30564
1502244300 401557 30564 401557 30564
1502244000 401557 30564 401557 30564
1502243700 401557 30564 401557 30564
1502243400 401557 30564 401557 30564
1502243100 401557 30564 401557 30564
1502242800 401557 30564 401557 30564
1502242500 401557 30564 401557 30564
1502242200 401557 30564 401557 30564
1502241900 401557 30564 401557 30564
1502241600 401557 30564 401557 30564
1502241300 401557 30564 401557 30564
1502241000 401557 30564 401557 30564
1502240700 401557 30564 401557 30564
1502240400 401557 30564 401557 30564
1502240100 401557 30564 401557 30564
1502239800 401557 30564 401557 30564
1502239500 401557 30564 401557 30564
1502239200 401557 30564 401557 30564
1502238900 401557 30564 401557 30564
1502238600 401557 30564 401557 30564
1502236800 401557 30564 401557 30564
1502235000 401557 30564 401557 30564
1502233200 401557 30564 401557 30564
1502231400 401557 30564 401557 30564
1502229600 401557 30564 401557 30564
1502227800 401557 30564 401557 30564
1502226000 401557 30564 401557 30564
1502224200 401557 30564 401557 30564
1502222400 401557 30564 401557 30564
1502220600 401557 30564 401557 30564
1502218800 401557 30564 401557 30564
1502217000 401557 30564 401557 30564
1502215200 401557 30564 401557 30564
1502213400 401557 30564 401557 30564
1502211600 401557 30564 401557 30564
1502209800 401557 30564 401557 30564
1502208000 401557 30564 401557 30564
1502206200 401557 30564 401557 30564
1502204400 401557 30564 401557 30564
1502202600 401557 30564 401557 30564
1502200800 401557 30564 401557 30564
1502199000 401557 30564 401557 30564
1502197200 401557 30564 401557 30564
1502195400 401557 30564 401557 30564
1502193600 401557 30564 401557 30564
1502191800 401557 30564 401557 30564
1502190000 401557 30564 401557 30564
1502188200 401557 30564 401557 30564
1502186400 401557 30564 401557 30564
1502184600 401557 30564 401557 30564
1502182800 401557 30564 401557 30564
1502181000 401557 30564 401557 30564
1502179200 401557 30564 401557 30564
1502177400 401557 30564 401557 30564
1502175600 401557 30564 401557 30564
1502173800 401557 30564 401557 30564
1502172000 401557 30564 401557 30564
1502170200 401557 30564 401557 30564
1502168400 401557 30564 401557 30564
1502166600 401557 30564 401557 30564
1502164800 401557 30564 401557 30564
1502163000 401557 30564 401557 30564
1502161200 401557 30564 401557 30564
1502159400 401557 30564 401557 30564
1502157600 401557 30564 401557 30564
1502155800 401557 30564 401557 30564
1502154000 401557 30564 401557 30564
1502152200 401557 30564 401557 30564
1502150400 401557 30564 401557 30564
1502148600 401557 30564 401557 30564
1502146800 401557 30564 401557 30564
1502145000 401557 30564 401557 30564
1502143200 401557 30564 401557 30564
1502141400 401557 30564 401557 30564
1502139600 401557 30564 401557 30564
1502137800 401557 30564 401557 30564
1502136000 401557 30564 401557 30564
1502134200 401557 30564 401557 30564
1502132400 401557 30564 401557 30564
1502130600 401557 30564 401557 30564
1502128800 401557 30564 401557 30564
1502127000 401557 30564 401557 30564
1502125200 401557 30564 401557 30564
1502123400 401557 30564 401557 30564
1502121600 401557 30564 401557 30564
1502119800 401557 30564 401557 30564
1502118000 401557 30564 401557 30564
1502116200 401557 30564 401557 30564
1502114400 401557 30564 401557 30564
1502112600 401557 30564 401557 30564
1502110800 401557 30564 401557 30564
1502109000 401557 30564 401557 30564
1502107200 401557 30564 401557 30564
1502105400 401557 30564 401557 30564
1502103600 401557 30564 401557 30564
1502101800 401557 30564 401557 30564
1502100000 401557 30564 401557 30564
1502098200 401557 30564 401557 30564
1502096400 401557 30564 401557 30564
1502094600 401557 30564 401557 30564
1502092800 401557 30564 401557 30564
1502091000 401557 30564 401557 30564
1502089200 401557 30564 401557 30564
1502087400 401557 30564 401557 30564
1502085600 401557 30564 401557 30564
1502083800 401557 30564 401557 30564
1502082000 401557 30564 401557 30564
1502080200 401557 30564 401557 30564
1502078400 401557 30564 401557 30564
1502076600 401557 30564 401557 30564
1502074800 401557 30564 401557 30564
1502073000 401557 30564 401557 30564
1502071200 401557 30564 401557 30564
1502069400 401557 30564 401557 30564
1502067600 401557 30564 401557 30564
1502065800 401557 30564 401557 30564
1502064000 401557 30564 401557 30564
1502062200 401557 30564 401557 30564
1502060400 401557 30564 401557 30564
1502058600 401557 30564 401557 30564
1502056800 401557 30564 401557 30564
1502055000 401557 30564 401557 30564
1502053200 401557 30564 401557 30564
1502051400 401557 30564 401557 30564
1502049600 401557 30564 401557 30564
1502047800 401557 30564 401557 30564
1502046000 401557 30564 401557 30564
1502044200 401557 30564 401557 30564
1502042400 401557 30564 401557 30564
1502040600 401557 30564 401557 30564
1502038800 401557 30564 401557 30564
1502037000 401557 30564 401557 30564
1502035200 401557 30564 401557 30564
1502033400 401557 30564 401557 30564
1502031600 401557 30564 401557 30564
1502029800 401557 30564 401557 30564
1502028000 401557 30564 401557 30564
1502026200 401557 30564 401557 30564
1502024400 401557 30564 401557 30564
1502022600 401557 30564 401557 30564
1502020800 401557 30564 401557 30564
1502019000 401557 30564 401557 30564
1502017200 401557 30564 401557 30564
1502015400 401557 30564 401557 30564
1502013600 401557 30564 401557 30564
1502011800 401557 30564 401557 30564
1502010000 401557 30564 401557 30564
1502008200 401557 30564 401557 30564
1502006400 401557 30564 401557 30564
1502004600 401557 30564 401557 30564
1502002800 401557 30564 401557 30564
1502001000 401557 30564 401557 30564
1501999200 401557 30564 401557 30564
1501997400 401557 30564 401557 30564
1501995600 401557 30564 401557 30564
1501993800 401557 30564 401557 30564
1501992000 401557 30564 401557 30564
1501990200 401557 30564 401557 30564
1501988400 401557 30564 401557 30564
1501986600 401557 30564 401557 30564
1501984800 401557 30564 401557 30564
1501983000 401557 30564 401557 30564
1501981200 401557 30564 401557 30564
1501979400 401557 30564 401557 30564
1501977600 401557 30564 401557 30564
1501975800 401557 30564 401557 30564
1501974000 401557 30564 401557 30564
1501972200 401557 30564 401557 30564
1501970400 401557 30564 401557 30564
1501968600 401557 30564 401557 30564
1501966800 401557 30564 401557 30564
1501965000 401557 30564 401557 30564
1501963200 401557 30564 401557 30564
1501961400 401557 30564 401557 30564
1501959600 401557 30564 401557 30564
1501957800 401557 30564 401557 30564
1501956000 401557 30564 401557 30564
1501954200 401557 30564 401557 30564
1501952400 401557 30564 401557 30564
1501950600 401557 30564 401557 30564
1501948800 401557 30564 401557 30564
1501947000 401557 30564 401557 30564
1501945200 401557 30564 401557 30564
1501943400 401557 30564 401557 30564
1501941600 401557 30564 401557 30564
1501939800 401557 30564 401557 30564
1501938000 401557 30564 401557 30564
1501936200 401557 30564 401557 30564
1501934400 401557 30564 401557 30564
1501932600 401557 30564 401557 30564
1501930800 401557 30564 401557 30564
1501929000 401557 30564 401557 30564
1501927200 401557 30564 401557 30564
1501925400 401557 30564 401557 30564
1501923600 401557 30564 401557 30564
1501921800 401557 30564 401557 30564
1501920000 401557 30564 401557 30564
1501918200 401557 30564 401557 30564
1501916400 401557 30564 401557 30564
1501914600 401557 30564 401557 30564
1501912800 401557 30564 401557 30564
1501911000 401557 30564 401557 30564
1501909200 401557 30564 401557 30564
1501907400 401557 30564 401557 30564
1501905600 401557 30564 401557 30564
1501903800 401557 30564 401557 30564
1501902000 401557 30564 401557 30564
1501900200 401557 30564 401557 30564
1501898400 401557 30564 401557 30564
1501896600 401557 30564 401557 30564
1501894800 401557 30564 401557 30564
1501893000 401557 30564 401557 30564
1501891200 401557 30564 401557 30564
1501889400 401557 30564 401557 30564
1501887600 401557 30564 401557 30564
1501885800 401557 30564 401557 30564
1501884000 401557 30564 401557 30564
1501882200 401557 30564 401557 30564
1501880400 401557 30564 401557 30564
1501878600 401557 30564 401557 30564
1501876800 401557 30564 401557 30564
1501875000 401557 30564 401557 30564
1501873200 401557 30564 401557 30564
1501871400 401557 30564 401557 30564
1501869600 401557 30564 401557 30564
1501867800 401557 30564 401557 30564
1501866000 401557 30564 401557 30564
1501864200 401557 30564 401557 30564
1501862400 401557 30564 401557 30564
1501860600 401557 30564 401557 30564
1501858800 401557 30564 401557 30564
1501857000 401557 30564 401557 30564
1501855200 401557 30564 401557 30564
1501853400 401557 30564 401557 30564
1501851600 401557 30564 401557 30564
1501849800 401557 30564 401557 30564
1501848000 401557 30564 401557 30564
1501846200 401557 30564 401557 30564
1501844400 401557 30564 401557 30564
1501842600 401557 30564 401557 30564
1501840800 401557 30564 401557 30564
1501839000 401557 30564 401557 30564
1501837200 401557 30564 401557 30564
1501835400 401557 30564 401557 30564
1501833600 401557 30564 401557 30564
1501831800 401557 30564 401557 30564
1501830000 401557 30564 401557 30564
1501828200 401557 30564 401557 30564
1501826400 401557 30564 401557 30564
1501824600 401557 30564 401557 30564
1501822800 401557 30564 401557 30564
1501821000 401557 30564 401557 30564
1501819200 401557 30564 401557 30564
1501817400 401557 30564 401557 30564
1501815600 401557 30564 401557 30564
1501813800 401557 30564 401557 30564
1501812000 401557 30564 401557 30564
1501810200 401557 30564 401557 30564
1501808400 401557 30564 401557 30564
1501806600 401557 30564 401557 30564
1501804800 401557 30564 401557 30564
1501803000 401557 30564 401557 30564
1501801200 401557 30564 401557 30564
1501799400 401557 30564 401557 30564
1501797600 401557 30564 401557 30564
1501795800 401557 30564 401557 30564
1501794000 401557 30564 401557 30564
1501792200 401557 30564 401557 30564
1501790400 401557 30564 401557 30564
1501788600 401557 30564 401557 30564
1501786800 401557 30564 401557 30564
1501785000 401557 30564 401557 30564
1501783200 401557 30564 401557 30564
1501781400 401557 30564 401557 30564
1501779600 401557 30564 401557 30564
1501777800 401557 30564 401557 30564
1501776000 401557 30564 401557 30564
1501774200 401557 30564 401557 30564
1501772400 401557 30564 401557 30564
1501770600 401557 30564 401557 30564
1501768800 401557 30564 401557 30564
1501767000 401557 30564 401557 30564
1501765200 401557 30564 401557 30564
1501763400 401557 30564 401557 30564
1501761600 401557 30564 401557 30564
1501759800 401557 30564 401557 30564
1501758000 401557 30564 401557 30564
1501756200 401557 30564 401557 30564
1501754400 401557 30564 401557 30564
1501752600 401557 30564 401557 30564
1501750800 401557 30564 401557 30564
1501749000 401557 30564 401557 30564
1501747200 401557 30564 401557 30564
1501745400 401557 30564 401557 30564
1501743600 401557 30564 401557 30564
1501741800 401557 30564 401557 30564
1501740000 401557 30564 401557 30564
1501738200 401557 30564 401557 30564
1501736400 401557 30564 401557 30564
1501734600 401557 30564 401557 30564
1501732800 401557 30564 401557 30564
1501731000 401557 30564 401557 30564
1501729200 401557 30564 401557 30564
1501727400 401557 30564 401557 30564
1501725600 401557 30564 401557 30564
1501723800 401557 30564 401557 30564
1501722000 401557 30564 401557 30564
1501720200 401557 30564 401557 30564
1501718400 401557 30564 401557 30564
1501716600 401557 30564 401557 30564
1501714800 401557 30564 401557 30564
1501713000 401557 30564 401557 30564
1501711200 401557 30564 401557 30564
1501709400 401557 30564 401557 30564
1501707600 401557 30564 401557 30564
1501705800 401557 30564 401557 30564
1501704000 401557 30564 401557 30564
1501702200 401557 30564 401557 30564
1501700400 401557 30564 401557 30564
1501698600 401557 30564 401557 30564
1501696800 401557 30564 401557 30564
1501695000 401557 30564 401557 30564
1501693200 401557 30564 401557 30564
1501691400 401557 30564 401557 30564
1501689600 401557 30564 401557 30564
1501687800 401557 30564 401557 30564
1501686000 401557 30564 401557 30564
1501684200 401557 30564 401557 30564
1501682400 401557 30564 401557 30564
1501680600 401557 30564 401557 30564
1501678800 401557 30564 401557 30564
1501677000 401557 30564 401557 30564
1501675200 401557 30564 401557 30564
1501673400 401557 30564 401557 30564
1501671600 401557 30564 401557 30564
1501669800 401557 30564 401557 30564
1501668000 401557 30564 401557 30564
1501666200 401557 30564 401557 30564
1501664400 401557 30564 401557 30564
1501662600 401557 30564 401557 30564
1501660800 401557 30564 401557 30564
1501659000 401557 30564 401557 30564
1501657200 401557 30564 401557 30564
1501655400 401557 30564 401557 30564
1501653600 401557 30564 401557 30564
1501651800 401557 30564 401557 30564
1501650000 401557 30564 401557 30564
1501648200 401557 30564 401557 30564
1501646400 401557 30564 401557 30564
1501644600 401557 30564 401557 30564
1501642800 401557 30564 401557 30564
1501641000 401557 30564 401557 30564
1501639200 401557 30564 401557 30564
1501637400 401557 30564 401557 30564
1501635600 401557 30564 401557 30564
1501633800 401557 30564 401557 30564
1501632000 401557 30564 401557 30564
1501630200 401557 30564 401557 30564
1501628400 401557 30564 401557 30564
1501626600 401557 30564 401557 30564
1501624800 401557 30564 401557 30564
1501623000 401557 30564 401557 30564
1501621200 401557 30564 401557 30564
1501619400 401557 30564 401557 30564
1501617600 401557 30564 401557 30564
1501615800 401557 30564 401557 30564
1501614000 401557 30564 401557 30564
1501612200 401557 30564 401557 30564
1501610400 401557 30564 401557 30564
1501608600 401557 30564 401557 30564
1501606800 401557 30564 401557 30564
1501605000 401557 30564 401557 30564
1501603200 401557 30564 401557 30564
1501601400 401557 30564 401557 30564
1501599600 401557 30564 401557 30564
1501597800 401557 30564 401557 30564
1501596000 401557 30564 401557 30564
1501594200 401557 30564 401557 30564
1501592400 401557 30564 401557 30564
1501590600 401557 30564 401557 30564
1501588800 401557 30564 401557 30564
1501587000 401557 30564 401557 30564
1501585200 401557 30564 401557 30564
1501583400 401557 30564 401557 30564
1501581600 401557 30564 401557 30564
1501579800 401557 30564 401557 30564
1501578000 401557 30564 401557 30564
1501576200 401557 30564 401557 30564
1501574400 401557 30564 401557 30564
1501572600 401557 30564 401557 30564
1501570800 401557 30564 401557 30564
1501569000 401557 30564 401557 30564
1501567200 401557 30564 401557 30564
1501565400 401557 30564 401557 30564
1501563600 401557 30564 401557 30564
1501561800 401557 30564 401557 30564
1501560000 401557 30564 401557 30564
1501558200 401557 30564 401557 30564
1501556400 401557 30564 401557 30564
1501554600 401557 30564 401557 30564
1501552800 401557 30564 401557 30564
1501551000 401557 30564 401557 30564
1501549200 401557 30564 401557 30564
1501547400 401557 30564 401557 30564
1501545600 401557 30564 401557 30564
1501543800 401557 30564 401557 30564
1501542000 401557 30564 401557 30564
1501540200 401557 30564 401557 30564
1501538400 401557 30564 401557 30564
1501536600 401557 30564 401557 30564
1501534800 401557 30564 401557 30564
1501533000 401557 30564 401557 30564
1501531200 401557 30564 401557 30564
1501529400 401557 30564 401557 30564
1501527600 401557 30564 401557 30564
1501525800 401557 30564 401557 30564
1501524000 401557 30564 401557 30564
1501522200 401557 30564 401557 30564
1501520400 401557 30564 401557 30564
1501518600 401557 30564 401557 30564
1501516800 401557 30564 401557 30564
1501515000 401557 30564 401557 30564
1501513200 401557 30564 401557 30564
1501511400 401557 30564 401557 30564
1501509600 401557 30564 401557 30564
1501507800 401557 30564 401557 30564
1501506000 401557 30564 401557 30564
1501504200 401557 30564 401557 30564
1501502400 401557 30564 401557 30564
1501500600 401557 30564 401557 30564
1501498800 401557 30564 401557 30564
1501497000 401557 30564 401557 30564
1501495200 401557 30564 401557 30564
1501493400 401557 30564 401557 30564
1501491600 401557 30564 401557 30564
1501489800 401557 30564 401557 30564
1501488000 401557 30564 401557 30564
1501486200 401557 30564 401557 30564
1501484400 401557 30564 401557 30564
1501482600 401557 30564 401557 30564
1501480800 401557 30564 401557 30564
1501479000 401557 30564 401557 30564
1501477200 401557 30564 401557 30564
1501475400 401557 30564 401557 30564
1501473600 401557 30564 401557 30564
1501471800 401557 30564 401557 30564
1501470000 401557 30564 401557 30564
1501468200 401557 30564 401557 30564
1501466400 401557 30564 401557 30564
1501464600 401557 30564 401557 30564
1501462800 401557 30564 401557 30564
1501461000 401557 30564 401557 30564
1501459200 401557 30564 401557 30564
1501457400 401557 30564 401557 30564
1501455600 401557 30564 401557 30564
1501453800 401557 30564 401557 30564
1501452000 401557 30564 401557 30564
1501450200 401557 30564 401557 30564
1501448400 401557 30564 401557 30564
1501446600 401557 30564 401557 30564
1501444800 401557 30564 401557 30564
1501443000 401557 30564 401557 30564
1501441200 401557 30564 401557 30564
1501439400 401557 30564 401557 30564
1501437600 401557 30564 401557 30564
1501435800 401557 30564 401557 30564
1501434000 401557 30564 401557 30564
1501432200 401557 30564 401557 30564
1501430400 401557 30564 401557 30564
1501428600 401557 30564 401557 30564
1501426800 401557 30564 401557 30564
1501425000 401557 30564 401557 30564
1501423200 401557 30564 401557 30564
1501421400 401557 30564 401557 30564
1501419600 401557 30564 401557 30564
1501417800 401557 30564 401557 30564
1501416000 401557 30564 401557 30564
1501414200 401557 30564 401557 30564
1501412400 401557 30564 401557 30564
1501410600 401557 30564 401557 30564
1501408800 401557 30564 401557 30564
1501407000 401557 30564 401557 30564
1501405200 401557 30564 401557 30564
1501403400 401557 30564 401557 30564
1501401600 401557 30564 401557 30564
1501399800 401557 30564 401557 30564
1501398000 401557 30564 401557 30564
1501396200 401557 30564 401557 30564
1501394400 401557 30564 401557 30564
1501392600 401557 30564 401557 30564
1501390800 401557 30564 401557 30564
1501389000 401557 30564 401557 30564
1501387200 401557 30564 401557 30564
1501385400 401557 30564 401557 30564
1501383600 401557 30564 401557 30564
1501381800 401557 30564 401557 30564
1501380000 401557 30564 401557 30564
1501378200 401557 30564 401557 30564
1501376400 401557 30564 401557 30564
1501374600 401557 30564 401557 30564
1501372800 401557 30564 401557 30564
1501371000 401557 30564 401557 30564
1501369200 401557 30564 401557 30564
1501367400 401557 30564 401557 30564
1501365600 401557 30564 401557 30564
1501363800 401557 30564 401557 30564
1501362000 401557 30564 401557 30564
1501360200 401557 30564 401557 30564
1501358400 401557 30564 401557 30564
1501356600 401557 30564 401557 30564
1501354800 401557 30564 401557 30564
1501353000 401557 30564 401557 30564
1501351200 401557 30564 401557 30564
1501349400 401557 30564 401557 30564
1501347600 401557 30564 401557 30564
1501345800 401557 30564 401557 30564
1501344000 401557 30564 401557 30564
1501342200 401557 30564 401557 30564
1501340400 401557 30564 401557 30564
1501338600 401557 30564 401557 30564
1501336800 401557 30564 401557 30564
1501335000 401557 30564 401557 30564
1501333200 401557 30564 401557 30564
1501331400 401557 30564 401557 30564
1501329600 401557 30564 401557 30564
1501327800 401557 30564 401557 30564
1501326000 401557 30564 401557 30564
1501324200 401557 30564 401557 30564
1501322400 401557 30564 401557 30564
1501320600 401557 30564 401557 30564
1501318800 401557 30564 401557 30564
1501317000 401557 30564 401557 30564
1501315200 401557 30564 401557 30564
1501313400 401557 30564 401557 30564
1501311600 401557 30564 401557 30564
1501309800 401557 30564 401557 30564
1501308000 401557 30564 401557 30564
1501306200 401557 30564 401557 30564
1501304400 401557 30564 401557 30564
1501302600 401557 30564 401557 30564
1501300800 401557 30564 401557 30564
1501299000 401557 30564 401557 30564
1501297200 401557 30564 401557 30564
1501295400 401557 30564 401557 30564
1501293600 401557 30564 401557 30564
1501291800 401557 30564 401557 30564
1501290000 401557 30564 401557 30564
1501288200 401557 30564 401557 30564
1501286400 401557 30564 401557 30564
1501284600 401557 30564 401557 30564
1501282800 401557 30564 401557 30564
1501281000 401557 30564 401557 30564
1501279200 401557 30564 401557 30564
1501277400 401557 30564 401557 30564
1501275600 401557 30564 401557 30564
1501273800 401557 30564 401557 30564
1501272000 401557 30564 401557 30564
1501270200 401557 30564 401557 30564
1501268400 401557 30564 401557 30564
1501266600 401557 30564 401557 30564
1501264800 401557 30564 401557 30564
1501263000 401557 30564 401557 30564
1501261200 401557 30564 401557 30564
1501259400 401557 30564 401557 30564
1501257600 401557 30564 401557 30564
1501255800 401557 30564 401557 30564
1501254000 401557 30564 401557 30564
1501252200 401557 30564 401557 30564
1501250400 401557 30564 401557 30564
1501248600 401557 30564 401557 30564
1501246800 401557 30564 401557 30564
1501245000 401557 30564 401557 30564
1501243200 401557 30564 401557 30564
1501241400 401557 30564 401557 30564
1501239600 401557 30564 401557 30564
1501237800 401557 30564 401557 30564
1501236000 401557 30564 401557 30564
1501234200 401557 30564 401557 30564
1501232400 401557 30564 401557 30564
1501230600 401557 30564 401557 30564
1501228800 401557 30564 401557 30564
1501227000 401557 30564 401557 30564
1501225200 401557 30564 401557 30564
1501223400 401557 30564 401557 30564
1501221600 401557 30564 401557 30564
1501219800 401557 30564 401557 30564
1501218000 401557 30564 401557 30564
1501216200 401557 30564 401557 30564
1501214400 401557 30564 401557 30564
1501212600 401557 30564 401557 30564
1501210800 401557 30564 401557 30564
1501209000 401557 30564 401557 30564
1501207200 401557 30564 401557 30564
1501205400 401557 30564 401557 30564
1501203600 401557 30564 401557 30564
1501201800 401557 30564 401557 30564
1501200000 401557 30564 401557 30564
1501198200 401557 30564 401557 30564
1501196400 401557 30564 401557 30564
1501194600 401557 30564 401557 30564
1501192800 401557 30564 401557 30564
1501191000 401557 30564 401557 30564
1501189200 401557 30564 401557 30564
1501187400 401557 30564 401557 30564
1501185600 401557 30564 401557 30564
1501183800 401557 30564 401557 30564
1501182000 401557 30564 401557 30564
1501180200 401557 30564 401557 30564
1501178400 401557 30564 401557 30564
1501176600 401557 30564 401557 30564
1501174800 401557 30564 401557 30564
1501173000 401557 30564 401557 30564
1501171200 401557 30564 401557 30564
1501169400 401557 30564 401557 30564
1501167600 401557 30564 401557 30564
1501165800 401557 30564 401557 30564
1501164000 401557 30564 401557 30564
1501162200 401557 30564 401557 30564
1501160400 401557 30564 401557 30564
1501158600 401557 30564 401557 30564
1501156800 401557 30564 401557 30564
1501149600 401557 30564 401557 30564
1501142400 401557 30564 401557 30564
1501135200 401557 30564 401557 30564
1501128000 401557 30564 401557 30564
1501120800 401557 30564 401557 30564
1501113600 401557 30564 401557 30564
1501106400 401557 30564 401557 30564
1501099200 401557 30564 401557 30564
1501092000 401557 30564 401557 30564
1501084800 401557 30564 401557 30564
1501077600 401557 30564 401557 30564
1501070400 401557 30564 401557 30564
1501063200 401557 30564 401557 30564
1501056000 401557 30564 401557 30564
1501048800 401557 30564 401557 30564
1501041600 401557 30564 401557 30564
1501034400 401557 30564 401557 30564
1501027200 401557 30564 401557 30564
1501020000 401557 30564 401557 30564
1501012800 401557 30564 401557 30564
1501005600 401557 30564 401557 30564
1500998400 401557 30564 401557 30564
1500991200 401557 30564 401557 30564
1500984000 401557 30564 401557 30564
1500976800 401557 30564 401557 30564
1500969600 401557 30564 401557 30564
1500962400 401557 30564 401557 30564
1500955200 401557 30564 401557 30564
1500948000 401557 30564 401557 30564
1500940800 401557 30564 401557 30564
1500933600 401557 30564 401557 30564
1500926400 401557 30564 401557 30564
1500919200 401557 30564 401557 30564
1500912000 401557 30564 401557 30564
1500904800 401557 30564 401557 30564
1500897600 401557 30564 401557 30564
1500890400 401557 30564 401557 30564
1500883200 401557 30564 401557 30564
1500876000 401557 30564 401557 30564
1500868800 401557 30564 401557 30564
1500861600 401557 30564 401557 30564
1500854400 401557 30564 401557 30564
1500847200 401557 30564 401557 30564
1500840000 401557 30564 401557 30564
1500832800 401557 30564 401557 30564
1500825600 401557 30564 401557 30564
1500818400 401557 30564 401557 30564
1500811200 401557 30564 401557 30564
1500804000 401557 30564 401557 30564
1500796800 401557 30564 401557 30564
1500789600 401557 30564 401557 30564
1500782400 401557 30564 401557 30564
1500775200 401557 30564 401557 30564
1500768000 401557 30564 401557 30564
1500760800 401557 30564 401557 30564
1500753600 401557 30564 401557 30564
1500746400 401557 30564 401557 30564
1500739200 401557 30564 401557 30564
1500732000 401557 30564 401557 30564
1500724800 401557 30564 401557 30564
1500717600 401557 30564 401557 30564
1500710400 401557 30564 401557 30564
1500703200 401557 30564 401557 30564
1500696000 401557 30564 401557 30564
1500688800 401557 30564 401557 30564
1500681600 401557 30564 401557 30564
1500674400 401557 30564 401557 30564
1500667200 401557 30564 401557 30564
1500660000 401557 30564 401557 30564
1500652800 401557 30564 401557 30564
1500645600 401557 30564 401557 30564
1500638400 401557 30564 401557 30564
1500631200 401557 30564 401557 30564
1500624000 401557 30564 401557 30564
1500616800 401557 30564 401557 30564
1500609600 401557 30564 401557 30564
1500602400 401557 30564 401557 30564
1500595200 401557 30564 401557 30564
1500588000 401557 30564 401557 30564
1500580800 401557 30564 401557 30564
1500573600 401557 30564 401557 30564
1500566400 401557 30564 401557 30564
1500559200 401557 30564 401557 30564
1500552000 401557 30564 401557 30564
1500544800 401557 30564 401557 30564
1500537600 401557 30564 401557 30564
1500530400 401557 30564 401557 30564
1500523200 401557 30564 401557 30564
1500516000 401557 30564 401557 30564
1500508800 401557 30564 401557 30564
1500501600 401557 30564 401557 30564
1500494400 401557 30564 401557 30564
1500487200 401557 30564 401557 30564
1500480000 401557 30564 401557 30564
1500472800 401557 30564 401557 30564
1500465600 401557 30564 401557 30564
1500458400 401557 30564 401557 30564
1500451200 401557 30564 401557 30564
1500444000 401557 30564 401557 30564
1500436800 401557 30564 401557 30564
1500429600 401557 30564 401557 30564
1500422400 401557 30564 401557 30564
1500415200 401557 30564 401557 30564
1500408000 401557 30564 401557 30564
1500400800 401557 30564 401557 30564
1500393600 401557 30564 401557 30564
1500386400 401557 30564 401557 30564
1500379200 401557 30564 401557 30564
1500372000 401557 30564 401557 30564
1500364800 372175 27157 477429 30564
1500357600 348398 21829 568401 25966
1500350400 433338 25639 433338 25639
1500343200 433338 25639 433338 25639
1500336000 433338 25639 433338 25639
1500328800 433338 25639 433338 25639
1500321600 433338 25639 433338 25639
1500314400 433338 25639 433338 25639
1500307200 433338 25639 433338 25639
1500300000 433338 25639 433338 25639
1500292800 433338 25639 433338 25639
1500285600 433338 25639 433338 25639
1500278400 433338 25639 433338 25639
1500271200 433338 25639 433338 25639
1500264000 433338 25639 433338 25639
1500256800 244980 15543 433338 25639
1500249600 617 2002 1230 3894
1500242400 590 1982 1204 6971
1500235200 37334 2656 869971 25369
1500228000 960 2307 9700 10605
1500220800 6962 9619 54579 52441
1500213600 21420 20908 68761 79449
1500206400 43610 133926 188102 2203776
1500199200 124379 93814 252103 250971
1500192000 94155 68774 319809 667928
1500184800 47479 9874 264672 121534
1500177600 83214 5864 1845833 59350
1500170400 1650 1704 17301 5705
1500163200 6201 1772 134399 5811
1500156000 1200 1743 15692 4040
1500148800 39580 2311 931405 23217
1500141600 1243 2210 15498 9710
1500134400 789 3233 2162 27350
1500127200 43234 24754 545005 487973
1500120000 673592 19110 4438713 130267
1500112800 70691 6923 480144 53299
1500105600 16180 2564 326478 11220
1500098400 2081 2458 33989 9066
1500091200 12598 3330 107429 11609
1500084000 47341 4057 536570 25063
1500076800 622 1673 965 4842
1500069600 1810 1376 28260 2250
1500062400 39008 2409 854465 19996
1500055200 1840 1373 26383 5718
1500048000 7156 4207 60465 16207
1500040800 76396 8188 182192 19633
1500033600 129281 13050 526111 34475
1500026400 130349 23213 431930 208093
1500019200 176498 16464 399185 35267
1500012000 274593 22461 1338519 120429
1500004800 145813 27856 445200 137657
1499997600 138601 13698 745662 41118
1499990400 712 2033 1143 6870
1499983200 2192 4164 29239 33987
1499976000 38327 2310 884477 22512
1499968800 1748 2888 19970 9173
1499961600 10499 5914 43833 21547
1499954400 19589 3342 145290 8746
1499947200 94012 18000 255047 71998
1499940000 109712 13296 210688 19375
1499932800 120348 12394 120348 12394
1499925600 120348 12394 120348 12394
1499918400 120348 12394 120348 12394
1499911200 120348 12394 120348 12394
1499904000 120348 12394 120348 12394
1499896800 120348 12394 120348 12394
1499889600 120348 12394 120348 12394
1499882400 120348 12394 120348 12394
1499875200 120348 12394 120348 12394
1499868000 120348 12394 120348 12394
1499860800 120348 12394 120348 12394
1499853600 120348 12394 120348 12394
1499846400 120348 12394 120348 12394
1499839200 120348 12394 120348 12394
1499832000 120348 12394 120348 12394
1499824800 120348 12394 120348 12394
1499817600 120348 12394 120348 12394
1499810400 120348 12394 120348 12394
1499803200 120348 12394 120348 12394
1499796000 120348 12394 120348 12394
1499788800 120348 12394 120348 12394
1499781600 120348 12394 120348 12394
1499774400 120348 12394 120348 12394
1499767200 120348 12394 120348 12394
1499760000 120348 12394 120348 12394
1499752800 120348 12394 120348 12394
1499745600 120348 12394 120348 12394
1499738400 120348 12394 120348 12394
1499731200 120348 12394 120348 12394
1499724000 120348 12394 120348 12394
1499716800 120348 12394 120348 12394
1499709600 120348 12394 120348 12394
1499702400 120348 12394 120348 12394
1499695200 120348 12394 120348 12394
1499688000 120348 12394 120348 12394
1499680800 120348 12394 120348 12394
1499673600 120348 12394 120348 12394
1499666400 120348 12394 120348 12394
1499659200 120348 12394 120348 12394
1499652000 82077 8905 120348 12394
1499644800 646 2686 974 3818
1499637600 635 1843 944 3815
1499630400 36868 2461 868483 22015
1499623200 605 1448 1521 2136
1499616000 675 1460 2608 2328
1499608800 3937 3074 28142 27715
1499601600 44468 4797 130593 16252
1499594400 32709 9276 209192 62124
1499587200 23836 3891 83981 9491
1499580000 702 1577 1891 6427
1499572800 1777 1831 19704 5867
1499565600 599 1544 990 5257
1499558400 625 2152 877 4826
1499551200 760 3955 1031 6586
1499544000 158127 13522 290181 22347
1499536800 290181 22347 290181 22347
1499529600 290181 22347 290181 22347
1499522400 290181 22347 290181 22347
1499515200 290181 22347 290181 22347
1499508000 290181 22347 290181 22347
1499500800 290181 22347 290181 22347
1499493600 290181 22347 290181 22347
1499486400 290181 22347 290181 22347
1499479200 290181 22347 290181 22347
1499472000 290181 22347 290181 22347
1499464800 290181 22347 290181 22347
1499457600 290181 22347 290181 22347
1499450400 290181 22347 290181 22347
1499443200 290181 22347 290181 22347
1499436000 290181 22347 290181 22347
1499428800 290181 22347 290181 22347
1499421600 290181 22347 290181 22347
1499414400 290181 22347 290181 22347
1499407200 290181 22347 290181 22347
1499400000 290181 22347 290181 22347
1499392800 290181 22347 290181 22347
1499385600 290181 22347 290181 22347
1499378400 290181 22347 290181 22347
1499371200 290181 22347 290181 22347
1499364000 290181 22347 290181 22347
1499356800 290181 22347 290181 22347
1499349600 290181 22347 290181 22347
1499342400 290181 22347 290181 22347
1499335200 290181 22347 290181 22347
1499328000 290181 22347 290181 22347
1499320800 290181 22347 290181 22347
1499313600 290181 22347 290181 22347
1499306400 290181 22347 290181 22347
1499299200 290181 22347 290181 22347
1499292000 290181 22347 290181 22347
1499284800 290181 22347 290181 22347
1499277600 290181 22347 290181 22347
1499270400 290181 22347 290181 22347
1499263200 290181 22347 290181 22347
1499256000 290181 22347 290181 22347
1499248800 290181 22347 290181 22347
1499241600 290181 22347 290181 22347
1499234400 290181 22347 290181 22347
1499227200 290181 22347 290181 22347
1499220000 290181 22347 290181 22347
1499212800 290181 22347 290181 22347
1499205600 290181 22347 290181 22347
1499198400 290181 22347 290181 22347
1499191200 290181 22347 290181 22347
1499184000 290181 22347 290181 22347
1499176800 290181 22347 290181 22347
1499169600 290181 22347 290181 22347
1499162400 290181 22347 290181 22347
1499155200 290181 22347 290181 22347
1499148000 290181 22347 290181 22347
1499140800 290181 22347 290181 22347
1499133600 290181 22347 290181 22347
1499126400 290181 22347 290181 22347
1499119200 290181 22347 290181 22347
1499112000 290181 22347 290181 22347
1499104800 290181 22347 290181 22347
1499097600 290181 22347 290181 22347
1499090400 290181 22347 290181 22347
1499083200 290181 22347 290181 22347
1499076000 272778 24649 594672 108774
1499068800 347867 60481 1063714 154879
1499061600 384051 71602 1139104 234544
1499054400 445557 79204 692059 130580
1499047200 156884 15253 230503 21388
1499040000 1181 1606 13092 6157
1499032800 2325 1897 41635 8841
1499025600 34971 2576 809069 22039
1499018400 624 2678 1140 24185
1499011200 1867 2084 29238 5036
1499004000 845 2667 4529 13959
1498996800 1374 3439 18417 29066
1498989600 9185 501170 34501 933174
1498982400 5856 307251 21791 813742
1498975200 10690 415673 47846 629196
1498968000 10945 344002 41276 716351
1498960800 1890 28894 12209 554735
1498953600 1192 1658 13659 8200
1498946400 588 1310 879 2560
1498939200 40314 2357 843516 21424
1498932000 6059 301171 11182 704385
1498924800 8955 370035 42037 849437
1498917600 81364 128743 323248 850148
1498910400 220414 8883 463843 15908
1498903200 147640 7282 583828 23343
1498896000 61786 4585 304333 17265
1498888800 769 2248 1659 9429
1498881600 610 1877 873 3526
1498874400 646 1871 884 3755
1498867200 757 2443 1759 8899
1498860000 5985 2032 129520 8788
1498852800 35760 21366 832059 427083
1498845600 8335 327641 35592 894677
1498838400 41225 352274 262370 721392
1498831200 239348 68477 918304 1232710
1498824000 256018 25807 4357766 85320
1498816800 345055 21948 4357766 85320
1498809600 168174 57959 426547 184602
1498802400 151959 13502 512029 26268
1498795200 135356 19589 670885 37359
1498788000 79482 10413 405618 28079
1498780800 977 1348 3838 2018
1498773600 2574 2498 33020 26788
1498766400 35763 2567 826379 21793
1498759200 1956 2134 18078 12904
1498752000 339325 39247 2793291 429024
1498744800 265418 32830 2259273 235656
1498737600 134635 31100 581187 352341
1498730400 301037 57617 770337 131907
1498723200 426192 83713 770337 147167
1498716000 362021 59395 735840 117149
1498708800 676821 77381 3439097 174233
1498701600 255061 19827 3408577 124081
1498694400 892 1734 3202 6518
1498687200 1864 1600 25318 2968
1498680000 34101 2785 796851 22973
1498672800 2668 2580 24213 8468
1498665600 21297 12556 173780 124366
1498658400 31749 8690 530372 38168
1498651200 244474 31667 748705 98526
1498644000 491988 110879 661557 148516
1498636800 416840 157991 583657 835060
1498629600 413533 72729 687835 149565
1498622400 417724 85025 1000598 143418
1498615200 183780 15160 721692 36530
1498608000 708 1639 3481 6730
1498600800 12115 1971 222463 8342
1498593600 30429 4123 711322 20257
1498586400 3686 9928 24917 64782
1498579200 84970 26743 784369 67031
1498572000 24074 6332 143806 50822
1498564800 355452 73778 701813 276142
1498557600 662994 154728 1018076 252078
1498550400 431250 91975 871123 193907
1498543200 180340 17241 484117 40057
1498536000 242165 18930 326916 28678
1498528800 251138 15267 533625 25879
1498521600 1572 1594 11590 6957
1498514400 3518 2293 21527 6957
1498507200 29703 2240 700239 20264
1498500000 4998 2151 40149 5898
1498492800 151561 16804 558454 179736
1498485600 288180 18258 754706 63767
1498478400 185205 19327 453725 29822
1498471200 99709 17761 245433 28150
1498464000 146814 23698 604557 126078
1498456800 190008 22677 525897 89271
1498449600 187954 27311 412176 112742
1498442400 336127 65593 1114213 143096
1498435200 498 1479 814 4232
1498428000 533 1596 1341 3946
1498420800 29047 3683 682743 19975
1498413600 886 6429 1576 14814
1498406400 777 1959 3881 4861
1498399200 551 1399 1918 3994
1498392000 76642 6393 366604 14876
1498384800 63099 6323 159987 10181
1498377600 165174 8682 451609 18304
1498370400 162608 10007 361775 18304
1498363200 181213 11414 973266 26797
1498356000 183566 8061 1205307 30476
1498348800 28871 2628 185590 9592
1498341600 483 1230 999 1849
1498334400 77792 2927 1139590 25919
1498327200 642 1683 3628 10626
1498320000 634 1971 3601 10626
1498312800 603 1686 2234 5336
1498305600 615 2367 2490 11635
1498298400 569 2214 1063 11635
1498291200 1516 2648 22154 8508
1498284000 602 2784 1063 15499
1498276800 543 1844 691 5230
1498269600 551 1537 1038 3402
1498262400 485 1416 947 4164
1498255200 1320 1637 10998 4433
1498248000 77221 3141 1065465 24719
1498240800 529 2039 1082 6615
1498233600 969 9857 3813 154555
1498226400 152979 10648 409219 55535
1498219200 254513 21113 978263 36723
1498212000 138004 23115 395021 42249
1498204800 402483 26581 3300579 131849
1498197600 209252 24624 675658 118776
1498190400 186374 24857 1038203 60290
1498183200 59304 9152 214704 29019
1498176000 1574 2037 7311 3544
1498168800 2231 2104 17091 4197
1498161600 78705 3888 1368245 32037
1498154400 2139 4019 23514 9725
1498147200 1931 7253 4243 13012
1498140000 2417 8480 10237 17047
1498132800 120814 22990 333805 45499
1498125600 93857 27076 265068 236023
1498118400 250520 20967 1171907 50951
1498111200 342274 24220 1275817 51429
1498104000 128754 19088 417642 41945
1498096800 231019 17166 1395013 54029
1498089600 7458 12440 70109 16625
1498082400 4652 2504 67828 4994
1498075200 79729 3981 1297810 28835
1498068000 1900 2100 10798 3309
1498060800 3767 2716 28452 7588
1498053600 11753 4470 63914 15960
1498046400 148858 32532 422484 191986
1498039200 110394 23009 309048 146485
1498032000 206204 21883 436366 31048
1498024800 219370 20113 468929 35776
1498017600 172690 21139 383872 45494
1498010400 150731 11617 695116 36235
1498003200 13112 2159 273517 9618
1497996000 3716 1927 63161 8163
1497988800 78115 3548 940760 23041
1497981600 1493 1959 6060 5549
1497974400 146232 7415 479235 20236
1497967200 187027 17389 490268 55842
1497960000 219574 19477 713674 35771
1497952800 125216 27647 425220 182768
1497945600 192205 24491 1051091 70193
1497938400 283168 22340 1051091 48977
1497931200 125662 81277 418489 474149
1497924000 97472 13579 394135 26143
1497916800 1394 7356 4188 23015
1497909600 3773 2092 39405 7206
1497902400 74953 3836 1019121 24844
1497895200 2165 3035 12578 6381
1497888000 6219 16070 40361 89870
1497880800 77780 11264 395241 49999
1497873600 195684 16663 1060230 64148
1497866400 208322 20775 769029 37191
1497859200 205490 19051 985013 45214
1497852000 252495 30715 985013 131067
1497844800 96191 18973 323219 33712
1497837600 332916 61763 1504329 139548
1497830400 1708 5790 7186 11153
1497823200 1201 4832 3822 8815
1497816000 74480 5776 1087545 29006
1497808800 1310 4814 4379 10531
1497801600 1199 4592 3637 8106
1497794400 1107 5159 3419 13110
1497787200 1076 3790 3569 7145
1497780000 1005 4670 3611 7965
1497772800 1713 4305 7724 7786
1497765600 1453 4429 4792 12655
1497758400 1293 3653 3863 6468
1497751200 1216 3807 3386 6129
1497744000 1203 3603 3528 6135
1497736800 1118 3416 3572 5824
1497729600 74015 4731 936009 25591
1497722400 1400 4215 4238 9277
1497715200 1293 4110 4184 7798
1497708000 1221 3929 3543 7132
1497700800 1111 5132 3672 12272
1497693600 72820 8986 273523 17266
1497686400 1177 5575 4812 9360
1497679200 895 5027 1843 11485
1497672000 916 4166 1377 10081
1497664800 1082 4489 9723 13446
1497657600 336 1245 537 1894
1497650400 527 1269 2263 3144
1497643200 74125 2990 1111090 26597
1497636000 680 2188 5303 9397
1497628800 33058 26398 217772 213073
1497621600 100587 25761 677711 107425
1497614400 361911 53138 1262159 178839
1497607200 134645 33386 397973 366498
1497600000 261555 19003 672983 36871
1497592800 143841 14812 410667 29893
1497585600 207931 21493 572068 118816
1497578400 182214 14239 899961 31937
1497571200 409 1385 974 2200
1497564000 722 2335 6115 9022
1497556800 73101 3451 902664 21990
1497549600 722 2317 5133 6679
1497542400 673 2614 4006 7717
1497535200 88685 8407 510559 26064
1497528000 338882 23393 1061721 51343
1497520800 176787 51204 517412 627941
1497513600 140798 32732 518851 263301
1497506400 196099 17904 693689 62736
1497499200 244608 22030 1155125 40990
1497492000 146181 11251 822628 48714
1497484800 468 1353 1925 4473
1497477600 865 1616 9000 5196
1497470400 66179 3167 1186301 28487
1497463200 862 1852 4438 7028
1497456000 649 2915 1104 11115
1497448800 84302 12332 392156 24422
1497441600 190879 17831 912010 42547
1497434400 167912 21137 1018096 34465
1497427200 145599 17205 763290 35183
1497420000 174146 17842 397483 26740
1497412800 207570 21453 696316 35290
1497405600 172438 20417 842431 101918
1497398400 903 2735 1253 5279
1497391200 852 3134 1004 6753
1497384000 72047 4612 964945 24884
1497376800 3493 5686 67563 54136
1497369600 94028 13823 405554 27102
1497362400 82271 20156 234729 37270
1497355200 158292 19009 785827 35594
1497348000 415403 96286 662036 149626
1497340800 441676 86734 1194681 173979
1497333600 547402 94014 1196003 159970
1497326400 497874 102263 991215 197436
1497319200 147124 16842 691875 49318
1497312000 1833 12483 5958 135203
1497304800 1484 4469 3424 9905
1497297600 72182 6307 1038207 32744
1497290400 1904 6777 7090 13474
1497283200 98479 13276 492487 30919
1497276000 200404 17314 492487 33959
1497268800 209612 20595 963860 85720
1497261600 111498 30144 320015 85720
1497254400 87244 16203 486162 30925
1497247200 118874 18228 365935 36697
1497240000 179918 16623 541430 31964
1497232800 170426 55182 479652 128729
1497225600 1057 2103 6044 5403
1497218400 2355 4513 26210 7141
1497211200 69266 4863 839022 21393
1497204000 1189 1465 11636 2117
1497196800 898 1872 3837 5479
1497189600 1814 3378 15101 4897
1497182400 321134 22795 851473 37554
1497175200 466655 27520 1121144 48925
1497168000 275069 10520 1187262 28445
1497160800 2693 2749 24690 5761
1497153600 1066 3013 1770 11053
1497146400 2682 2281 29624 5728
1497139200 4814 2099 96158 5000
1497132000 1597 2347 10906 5981
1497124800 69031 4402 1045534 29096
1497117600 1594 2981 17449 10391
1497110400 1167 2592 4617 6124
1497103200 1585 1986 18271 10581
1497096000 918 1549 2736 3112
1497088800 1731 1559 12273 2511
1497081600 1114 1412 3930 2453
1497074400 1323 1772 11342 4436
1497067200 7710 1666 165077 5628
1497060000 1686 1556 21087 2504
1497052800 953 2160 1550 3944
1497045600 3760 2375 36433 5433
1497038400 68618 4032 829246 21901
1497031200 4284 5873 41128 149279
1497024000 5071 13536 41128 149279
1497016800 4496 1472 62227 3019
1497009600 335534 18870 3806548 127876
1497002400 139075 22171 407574 42679
1496995200 191568 38897 472139 165305
1496988000 177603 37345 595921 104964
1496980800 170980 18135 444429 44726
1496973600 103024 13462 432887 54311
1496966400 591 1586 1178 6440
1496959200 1147 3511 6026 9271
1496952000 68399 3084 1013050 25090
1496944800 1393 1861 8909 4934
1496937600 652 1781 1221 8392
1496930400 140502 9118 598438 33577
1496923200 248216 22680 983827 44960
1496916000 269389 24169 423323 39637
1496908800 329875 23281 879869 41502
1496901600 203613 19367 624157 42517
1496894400 99202 23301 179325 36727
1496887200 127998 12634 467682 27298
1496880000 503 1771 1732 5821
1496872800 1683 1906 19025 5253
1496865600 67446 3380 806470 20823
1496858400 9110 2626 150042 6365
1496851200 569 2046 974 5575
1496844000 8596 2673 69179 7812
1496836800 315824 51327 1294644 854100
1496793600 137229 12439 1314941 132647
1496707200 134623 14527 2219061 130506
1496620800 22695 4298 829099 63134
1496534400 5899 1888 1321201 29572
1496448000 121272 12509 973492 263665
1496361600 189856 14852 1366756 155949
1496275200 195450 14686 2915172 69531
1496188800 156256 13410 1086478 546757
1496102400 150155 72181 1070433 1311221
1496016000 254535 1311221 254535 1311221
1495929600 254535 1311221 254535 1311221
1495843200 277761 737693 1452715 1311221
1495756800 179309 18517 2364281 435812
1495670400 177179 13768 1367423 114942
1495584000 138649 14711 1373945 263028
1495497600 143043 24996 2146138 782156
1495411200 1325 4228 48592 27990
1495324800 64734 17672 645206 1601398
1495238400 119998 16462 1230323 157339
1495152000 118365 12131 2282237 90435
1495065600 117470 15415 991113 537604
1494979200 158609 16555 1879888 227005
1494892800 94791 11017 727585 81925
1494806400 7235 4225 336507 32924
1494720000 37076 16231 329846 345695
1494633600 45746 15408 591383 472027
1494547200 0 0 0 0
1494460800 0 0 0 0
1494374400 0 0 0 0
1494288000 0 0 0 0
1494201600 0 0 0 0
1494115200 0 0 0 0
1494028800 0 0 0 0
1493942400 0 0 0 0
1493856000 0 0 0 0
1493769600 0 0 0 0
1493683200 0 0 0 0
1493596800 0 0 0 0
1493510400 0 0 0 0
1493424000 0 0 0 0
1493337600 0 0 0 0
1493251200 0 0 0 0
1493164800 0 0 0 0
1493078400 0 0 0 0
1492992000 0 0 0 0
1492905600 0 0 0 0
1492819200 0 0 0 0
1492732800 0 0 0 0
1492646400 0 0 0 0
1492560000 0 0 0 0
1492473600 0 0 0 0
1492387200 0 0 0 0
1492300800 0 0 0 0
1492214400 0 0 0 0
1492128000 0 0 0 0
1492041600 0 0 0 0
1491955200 0 0 0 0
1491868800 0 0 0 0
1491782400 0 0 0 0
1491696000 0 0 0 0
1491609600 0 0 0 0
1491523200 0 0 0 0
1491436800 0 0 0 0
1491350400 0 0 0 0
1491264000 0 0 0 0
1491177600 0 0 0 0
1491091200 0 0 0 0
1491004800 0 0 0 0
1490918400 0 0 0 0
1490832000 0 0 0 0
1490745600 0 0 0 0
1490659200 0 0 0 0
1490572800 0 0 0 0
1490486400 0 0 0 0
1490400000 0 0 0 0
1490313600 0 0 0 0
1490227200 0 0 0 0
1490140800 0 0 0 0
1490054400 0 0 0 0
1489968000 0 0 0 0
1489881600 0 0 0 0
1489795200 0 0 0 0
1489708800 0 0 0 0
1489622400 0 0 0 0
1489536000 0 0 0 0
1489449600 0 0 0 0
1489363200 0 0 0 0
1489276800 0 0 0 0
1489190400 0 0 0 0
1489104000 0 0 0 0
1489017600 0 0 0 0
1488931200 0 0 0 0
1488844800 0 0 0 0
1488758400 0 0 0 0
1488672000 0 0 0 0
1488585600 0 0 0 0
1488499200 0 0 0 0
1488412800 0 0 0 0
1488326400 0 0 0 0
1488240000 0 0 0 0
1488153600 0 0 0 0
1488067200 0 0 0 0
1487980800 0 0 0 0
1487894400 0 0 0 0
1487808000 0 0 0 0
1487721600 0 0 0 0
1487635200 0 0 0 0
1487548800 0 0 0 0
1487462400 0 0 0 0
1487376000 0 0 0 0
1487289600 0 0 0 0
1487203200 0 0 0 0
1487116800 0 0 0 0
1487030400 0 0 0 0
1486944000 0 0 0 0
1486857600 0 0 0 0
1486771200 0 0 0 0
1486684800 0 0 0 0
1486598400 0 0 0 0
1486512000 0 0 0 0
1486425600 0 0 0 0
1486339200 0 0 0 0
1486252800 0 0 0 0
1486166400 0 0 0 0
1486080000 0 0 0 0
1485993600 0 0 0 0
1485907200 0 0 0 0
1485820800 0 0 0 0
1485734400 0 0 0 0
1485648000 0 0 0 0
1485561600 0 0 0 0
1485475200 0 0 0 0
1485388800 0 0 0 0
1485302400 0 0 0 0
1485216000 0 0 0 0
1485129600 0 0 0 0
1485043200 0 0 0 0
1484956800 0 0 0 0
1484870400 0 0 0 0
1484784000 0 0 0 0
1484697600 0 0 0 0
1484611200 0 0 0 0
1484524800 0 0 0 0
1484438400 0 0 0 0
1484352000 0 0 0 0
1484265600 0 0 0 0
1484179200 0 0 0 0
1484092800 0 0 0 0
1484006400 0 0 0 0
1483920000 0 0 0 0
1483833600 0 0 0 0
1483747200 0 0 0 0
1483660800 0 0 0 0
1483574400 0 0 0 0
1483488000 0 0 0 0
1483401600 0 0 0 0
1483315200 0 0 0 0
1483228800 0 0 0 0
1483142400 0 0 0 0
1483056000 0 0 0 0
1482969600 0 0 0 0
1482883200 0 0 0 0
1482796800 0 0 0 0
1482710400 0 0 0 0
1482624000 0 0 0 0
1482537600 0 0 0 0
1482451200 0 0 0 0
1482364800 0 0 0 0
1482278400 0 0 0 0
1482192000 0 0 0 0
1482105600 0 0 0 0
1482019200 0 0 0 0
1481932800 0 0 0 0
1481846400 0 0 0 0
1481760000 0 0 0 0
1481673600 0 0 0 0
1481587200 0 0 0 0
1481500800 0 0 0 0
1481414400 0 0 0 0
1481328000 0 0 0 0
1481241600 0 0 0 0
1481155200 0 0 0 0
1481068800 0 0 0 0
1480982400 0 0 0 0
1480896000 0 0 0 0
1480809600 0 0 0 0
1480723200 0 0 0 0
1480636800 0 0 0 0
1480550400 0 0 0 0
1480464000 0 0 0 0
1480377600 0 0 0 0
1480291200 0 0 0 0
1480204800 0 0 0 0
1480118400 0 0 0 0
1480032000 0 0 0 0
1479945600 0 0 0 0
1479859200 0 0 0 0
1479772800 0 0 0 0
1479686400 0 0 0 0
1479600000 0 0 0 0
1479513600 0 0 0 0
1479427200 0 0 0 0
1479340800 0 0 0 0
1479254400 0 0 0 0
1479168000 0 0 0 0
1479081600 0 0 0 0
1478995200 0 0 0 0
1478908800 0 0 0 0
1478822400 0 0 0 0
1478736000 0 0 0 0
1478649600 0 0 0 0
1478563200 0 0 0 0
1478476800 0 0 0 0
1478390400 0 0 0 0
1478304000 0 0 0 0
1478217600 0 0 0 0
1478131200 0 0 0 0
1478044800 0 0 0 0
1477958400 0 0 0 0
1477872000 0 0 0 0
1477785600 0 0 0 0
1477699200 0 0 0 0
1477612800 0 0 0 0
1477526400 0 0 0 0
1477440000 0 0 0 0
1477353600 0 0 0 0
1477267200 0 0 0 0
1477180800 0 0 0 0
1477094400 0 0 0 0
1477008000 0 0 0 0
1476921600 0 0 0 0
1476835200 0 0 0 0
1476748800 0 0 0 0
1476662400 0 0 0 0
1476576000 0 0 0 0
1476489600 0 0 0 0
1476403200 0 0 0 0
1476316800 0 0 0 0
1476230400 0 0 0 0
1476144000 0 0 0 0
1476057600 0 0 0 0
1475971200 0 0 0 0
1475884800 0 0 0 0
1475798400 0 0 0 0
1475712000 0 0 0 0
1475625600 0 0 0 0
1475539200 0 0 0 0
1475452800 0 0 0 0
1475366400 0 0 0 0
1475280000 0 0 0 0
1475193600 0 0 0 0
1475107200 0 0 0 0
1475020800 0 0 0 0
1474934400 0 0 0 0
1474848000 0 0 0 0
1474761600 0 0 0 0
1474675200 0 0 0 0
1474588800 0 0 0 0
1474502400 0 0 0 0
1474416000 0 0 0 0
1474329600 0 0 0 0
1474243200 0 0 0 0
1474156800 0 0 0 0
1474070400 0 0 0 0
1473984000 0 0 0 0
1473897600 0 0 0 0
1473811200 0 0 0 0
1473724800 0 0 0 0
1473638400 0 0 0 0
1473552000 0 0 0 0
1473465600 0 0 0 0
1473379200 0 0 0 0
1473292800 0 0 0 0
1473206400 0 0 0 0
1473120000 0 0 0 0
1473033600 0 0 0 0
1472947200 0 0 0 0
1472860800 0 0 0 0
1472774400 0 0 0 0
1472688000 0 0 0 0
1472601600 0 0 0 0
1472515200 0 0 0 0
1472428800 0 0 0 0
1472342400 0 0 0 0
1472256000 0 0 0 0
1472169600 0 0 0 0
1472083200 0 0 0 0
1471996800 0 0 0 0
1471910400 0 0 0 0
1471824000 0 0 0 0
1471737600 0 0 0 0
1471651200 0 0 0 0
1471564800 0 0 0 0
1471478400 0 0 0 0
1471392000 0 0 0 0
1471305600 0 0 0 0
1471219200 0 0 0 0
1471132800 0 0 0 0
1471046400 0 0 0 0
1470960000 0 0 0 0
1470873600 0 0 0 0
1470787200 0 0 0 0
1470700800 0 0 0 0
1470614400 0 0 0 0
1470528000 0 0 0 0
1470441600 0 0 0 0
1470355200 0 0 0 0
1470268800 0 0 0 0
1470182400 0 0 0 0
1470096000 0 0 0 0
1470009600 0 0 0 0
1469923200 0 0 0 0
1469836800 0 0 0 0
1469750400 0 0 0 0
1469664000 0 0 0 0
1469577600 0 0 0 0
1469491200 0 0 0 0
1469404800 0 0 0 0
1469318400 0 0 0 0
1469232000 0 0 0 0
1469145600 0 0 0 0
1469059200 0 0 0 0
1468972800 0 0 0 0
1468886400 0 0 0 0
1468800000 0 0 0 0
1468713600 0 0 0 0
1468627200 0 0 0 0
1468540800 0 0 0 0
1468454400 0 0 0 0
1468368000 0 0 0 0
1468281600 0 0 0 0
1468195200 0 0 0 0
1468108800 0 0 0 0
1468022400 0 0 0 0
1467936000 0 0 0 0
1467849600 0 0 0 0
1467763200 0 0 0 0
1467676800 0 0 0 0
1467590400 0 0 0 0
1467504000 0 0 0 0
1467417600 0 0 0 0
1467331200 0 0 0 0
1467244800 0 0 0 0
1467158400 0 0 0 0
1467072000 0 0 0 0
1466985600 0 0 0 0
1466899200 0 0 0 0
1466812800 0 0 0 0
1466726400 0 0 0 0
1466640000 0 0 0 0
1466553600 0 0 0 0
1466467200 0 0 0 0
1466380800 0 0 0 0
1466294400 0 0 0 0
1466208000 0 0 0 0
1466121600 0 0 0 0
1466035200 0 0 0 0
1465948800 0 0 0 0
1465862400 0 0 0 0
1465776000 0 0 0 0
1465689600 0 0 0 0
1465603200 0 0 0 0
1465516800 0 0 0 0
1465430400 0 0 0 0
1465344000 0 0 0 0
1465257600 0 0 0 0
1465171200 0 0 0 0
1465084800 0 0 0 0
1464998400 0 0 0 0
1464912000 0 0 0 0
1464825600 0 0 0 0
1464739200 0 0 0 0
1464652800 0 0 0 0
1464566400 0 0 0 0
1464480000 0 0 0 0
1464393600 0 0 0 0
1464307200 0 0 0 0
1464220800 0 0 0 0
1464134400 0 0 0 0
1464048000 0 0 0 0
1463961600 0 0 0 0
1463875200 0 0 0 0
1463788800 0 0 0 0
1463702400 0 0 0 0
1463616000 0 0 0 0
1463529600 0 0 0 0
1463443200 0 0 0 0
1463356800 0 0 0 0
1463270400 0 0 0 0
1463184000 0 0 0 0
1463097600 0 0 0 0
1463011200 0 0 0 0
1462924800 0 0 0 0
1462838400 0 0 0 0
1462752000 0 0 0 0
1462665600 0 0 0 0
1462579200 0 0 0 0
1462492800 0 0 0 0
1462406400 0 0 0 0
1462320000 0 0 0 0
1462233600 0 0 0 0
1462147200 0 0 0 0
1462060800 0 0 0 0
1461974400 0 0 0 0
1461888000 0 0 0 0
1461801600 0 0 0 0
1461715200 0 0 0 0
1461628800 0 0 0 0
1461542400 0 0 0 0
1461456000 0 0 0 0
1461369600 0 0 0 0
1461283200 0 0 0 0
1461196800 0 0 0 0
1461110400 0 0 0 0
1461024000 0 0 0 0
1460937600 0 0 0 0
1460851200 0 0 0 0
1460764800 0 0 0 0
1460678400 0 0 0 0
1460592000 0 0 0 0
1460505600 0 0 0 0
1460419200 0 0 0 0
1460332800 0 0 0 0
1460246400 0 0 0 0
1460160000 0 0 0 0
1460073600 0 0 0 0
1459987200 0 0 0 0
1459900800 0 0 0 0
1459814400 0 0 0 0
1459728000 0 0 0 0
1459641600 0 0 0 0
1459555200 0 0 0 0
1459468800 0 0 0 0
1459382400 0 0 0 0
1459296000 0 0 0 0
1459209600 0 0 0 0
1459123200 0 0 0 0
1459036800 0 0 0 0
1458950400 0 0 0 0
1458864000 0 0 0 0
1458777600 0 0 0 0
1458691200 0 0 0 0
1458604800 0 0 0 0
1458518400 0 0 0 0
1458432000 0 0 0 0
1458345600 0 0 0 0
1458259200 0 0 0 0
1458172800 0 0 0 0
1458086400 0 0 0 0
1458000000 0 0 0 0
1457913600 0 0 0 0
1457827200 0 0 0 0
1457740800 0 0 0 0
1457654400 0 0 0 0
1457568000 0 0 0 0
1457481600 0 0 0 0
1457395200 0 0 0 0
1457308800 0 0 0 0
1457222400 0 0 0 0
1457136000 0 0 0 0
1457049600 0 0 0 0
1456963200 0 0 0 0
1456876800 0 0 0 0
1456790400 0 0 0 0
1456704000 0 0 0 0
1456617600 0 0 0 0
1456531200 0 0 0 0
1456444800 0 0 0 0
1456358400 0 0 0 0
1456272000 0 0 0 0
1456185600 0 0 0 0
1456099200 0 0 0 0
1456012800 0 0 0 0
1455926400 0 0 0 0
1455840000 0 0 0 0
1455753600 0 0 0 0
1455667200 0 0 0 0
1455580800 0 0 0 0
1455494400 0 0 0 0
1455408000 0 0 0 0
1455321600 0 0 0 0
1455235200 0 0 0 0
1455148800 0 0 0 0
1455062400 0 0 0 0
1454976000 0 0 0 0
1454889600 0 0 0 0
1454803200 0 0 0 0
1454716800 0 0 0 0
1454630400 0 0 0 0
1454544000 0 0 0 0
1454457600 0 0 0 0
1454371200 0 0 0 0
1454284800 0 0 0 0
1454198400 0 0 0 0
1454112000 0 0 0 0
1454025600 0 0 0 0
1453939200 0 0 0 0
1453852800 0 0 0 0
1453766400 0 0 0 0
1453680000 0 0 0 0
1453593600 0 0 0 0
1453507200 0 0 0 0
1453420800 0 0 0 0
1453334400 0 0 0 0
1453248000 0 0 0 0
1453161600 0 0 0 0
1453075200 0 0 0 0
1452988800 0 0 0 0
1452902400 0 0 0 0
1452816000 0 0 0 0
1452729600 0 0 0 0
1452643200 0 0 0 0
1452556800 0 0 0 0
1452470400 0 0 0 0
1452384000 0 0 0 0
1452297600 0 0 0 0
1452211200 0 0 0 0
1452124800 0 0 0 0
1452038400 0 0 0 0
1451952000 0 0 0 0
1451865600 0 0 0 0
1451779200 0 0 0 0
1451692800 0 0 0 0
1451606400 0 0 0 0
1451520000 0 0 0 0
1451433600 0 0 0 0
1451347200 0 0 0 0
1451260800 0 0 0 0
1451174400 0 0 0 0
1451088000 0 0 0 0
1451001600 0 0 0 0
1450915200 0 0 0 0
1450828800 0 0 0 0
1450742400 0 0 0 0
1450656000 0 0 0 0
1450569600 0 0 0 0
1450483200 0 0 0 0
1450396800 0 0 0 0
1450310400 0 0 0 0
1450224000 0 0 0 0
1450137600 0 0 0 0
1450051200 0 0 0 0
1449964800 0 0 0 0
1449878400 0 0 0 0
1449792000 0 0 0 0
1449705600 0 0 0 0
1449619200 0 0 0 0
1449532800 0 0 0 0
1449446400 0 0 0 0
1449360000 0 0 0 0
1449273600 0 0 0 0
1449187200 0 0 0 0
1449100800 0 0 0 0
1449014400 0 0 0 0
1448928000 0 0 0 0
1448841600 0 0 0 0
1448755200 0 0 0 0
1448668800 0 0 0 0
1448582400 0 0 0 0
1448496000 0 0 0 0
1448409600 0 0 0 0
1448323200 0 0 0 0
1448236800 0 0 0 0
1448150400 0 0 0 0
1448064000 0 0 0 0
1447977600 0 0 0 0
1447891200 0 0 0 0
1447804800 0 0 0 0
1447718400 0 0 0 0
1447632000 0 0 0 0
1447545600 0 0 0 0
1447459200 0 0 0 0
1447372800 0 0 0 0
1447286400 0 0 0 0
1447200000 0 0 0 0
1447113600 0 0 0 0
1447027200 0 0 0 0
1446940800 0 0 0 0
1446854400 0 0 0 0
1446768000 0 0 0 0
1446681600 0 0 0 0
1446595200 0 0 0 0
1446508800 0 0 0 0
1446422400 0 0 0 0
1446336000 0 0 0 0
1446249600 0 0 0 0
1446163200 0 0 0 0
1446076800 0 0 0 0
1445990400 0 0 0 0
1445904000 0 0 0 0
1445817600 0 0 0 0
1445731200 0 0 0 0
1445644800 0 0 0 0
1445558400 0 0 0 0
1445472000 0 0 0 0
1445385600 0 0 0 0
1445299200 0 0 0 0
1445212800 0 0 0 0
1445126400 0 0 0 0
1445040000 0 0 0 0
1444953600 0 0 0 0
1444867200 0 0 0 0
1444780800 0 0 0 0
1444694400 0 0 0 0
1444608000 0 0 0 0
1444521600 0 0 0 0
1444435200 0 0 0 0
1444348800 0 0 0 0
1444262400 0 0 0 0
1444176000 0 0 0 0
1444089600 0 0 0 0
1444003200 0 0 0 0
1443916800 0 0 0 0
1443830400 0 0 0 0
1443744000 0 0 0 0
1443657600 0 0 0 0
1443571200 0 0 0 0
1443484800 0 0 0 0
1443398400 0 0 0 0
1443312000 0 0 0 0
1443225600 0 0 0 0
1443139200 0 0 0 0
1443052800 0 0 0 0
1442966400 0 0 0 0
1442880000 0 0 0 0
1442793600 0 0 0 0
1442707200 0 0 0 0
1442620800 0 0 0 0
1442534400 0 0 0 0
1442448000 0 0 0 0
1442361600 0 0 0 0
1442275200 0 0 0 0
1442188800 0 0 0 0
1442102400 0 0 0 0
1442016000 0 0 0 0
1441929600 0 0 0 0
1441843200 0 0 0 0
1441756800 0 0 0 0
1441670400 0 0 0 0
1441584000 0 0 0 0
1441497600 0 0 0 0
1441411200 0 0 0 0
1441324800 0 0 0 0
1441238400 0 0 0 0
1441152000 0 0 0 0
1441065600 0 0 0 0
1440979200 0 0 0 0
1440892800 0 0 0 0
1440806400 0 0 0 0
1440720000 0 0 0 0
1440633600 0 0 0 0
1440547200 0 0 0 0
1440460800 0 0 0 0
1440374400 0 0 0 0
1440288000 0 0 0 0
1440201600 0 0 0 0
1440115200 0 0 0 0
1440028800 0 0 0 0
1439942400 0 0 0 0
1439856000 0 0 0 0
1439769600 0 0 0 0
1439683200 0 0 0 0
1439596800 0 0 0 0
1439510400 0 0 0 0
1439424000 0 0 0 0
1439337600 0 0 0 0
1439251200 0 0 0 0
1439164800 0 0 0 0
1439078400 0 0 0 0
1438992000 0 0 0 0
1438905600 0 0 0 0
1438819200 0 0 0 0
1438732800 0 0 0 0
1438646400 0 0 0 0
1438560000 0 0 0 0
1438473600 0 0 0 0
1438387200 0 0 0 0
1438300800 0 0 0 0
1438214400 0 0 0 0
1438128000 0 0 0 0
1438041600 0 0 0 0
1437955200 0 0 0 0
1437868800 0 0 0 0
1437782400 0 0 0 0
1437696000 0 0 0 0
1437609600 0 0 0 0
1437523200 0 0 0 0
1437436800 0 0 0 0
1437350400 0 0 0 0
1437264000 0 0 0 0
1437177600 0 0 0 0
1437091200 0 0 0 0
1437004800 0 0 0 0
1436918400 0 0 0 0
1436832000 0 0 0 0
1436745600 0 0 0 0
1436659200 0 0 0 0
1436572800 0 0 0 0
1436486400 0 0 0 0
1436400000 0 0 0 0
1436313600 0 0 0 0
1436227200 0 0 0 0
1436140800 0 0 0 0
1436054400 0 0 0 0
1435968000 0 0 0 0
1435881600 0 0 0 0
1435795200 0 0 0 0
1435708800 0 0 0 0
1435622400 0 0 0 0
1435536000 0 0 0 0
1435449600 0 0 0 0
1435363200 0 0 0 0
1435276800 0 0 0 0
1435190400 0 0 0 0
1435104000 0 0 0 0
1435017600 0 0 0 0
1434931200 0 0 0 0
1434844800 0 0 0 0
1434758400 0 0 0 0
1434672000 0 0 0 0
1434585600 0 0 0 0
1434499200 0 0 0 0
1434412800 0 0 0 0
1434326400 0 0 0 0
1434240000 0 0 0 0
1434153600 0 0 0 0
1434067200 0 0 0 0
1433980800 0 0 0 0
1433894400 0 0 0 0
1433808000 0 0 0 0
1433721600 0 0 0 0
1433635200 0 0 0 0
