1502418602 4161215564 170001043
1502418602 64053 379136 64053 379136
1502418301 50707 171223 50707 171223
1502418300 49828 170183 50707 171223
1502418000 38148 175373 107029 466035
1502417700 107029 466035 107029 466035
1502417400 107029 466035 107029 466035
1502417100 107029 466035 107029 466035
1502416800 107029 466035 107029 466035
1502416500 107029 466035 107029 466035
1502416200 107029 466035 107029 466035
1502415900 107029 466035 107029 466035
1502415600 107029 466035 107029 466035
1502415300 107029 466035 107029 466035
1502415000 107029 466035 107029 466035
1502414700 107029 466035 107029 466035
1502414400 107029 466035 107029 466035
1502414100 107029 466035 107029 466035
1502413800 107029 466035 107029 466035
1502413500 107029 466035 107029 466035
1502413200 107029 466035 107029 466035
1502412900 107029 466035 107029 466035
1502412600 107029 466035 107029 466035
1502412300 107029 466035 107029 466035
1502412000 107029 466035 107029 466035
1502411700 107029 466035 107029 466035
1502411400 107029 466035 107029 466035
1502411100 107029 466035 107029 466035
1502410800 107029 466035 107029 466035
1502410500 107029 466035 107029 466035
1502410200 107029 466035 107029 466035
1502409900 107029 466035 107029 466035
1502409600 107029 466035 107029 466035
1502409300 107029 466035 107029 466035
1502409000 107029 466035 107029 466035
1502408700 107029 466035 107029 466035
1502408400 107029 466035 107029 466035
1502408100 107029 466035 107029 466035
1502407800 107029 466035 107029 466035
1502407500 107029 466035 107029 466035
1502407200 107029 466035 107029 466035
1502406900 107029 466035 107029 466035
1502406600 107029 466035 107029 466035
1502406300 107029 466035 107029 466035
1502406000 107029 466035 107029 466035
1502405700 107029 466035 107029 466035
1502405400 107029 466035 107029 466035
1502405100 107029 466035 107029 466035
1502404800 107029 466035 107029 466035
1502404500 107029 466035 107029 466035
1502404200 107029 466035 107029 466035
1502403900 107029 466035 107029 466035
1502403600 107029 466035 107029 466035
1502403300 107029 466035 107029 466035
1502403000 107029 466035 107029 466035
1502402700 107029 466035 107029 466035
1502402400 107029 466035 107029 466035
1502402100 107029 466035 107029 466035
1502401800 107029 466035 107029 466035
1502401500 107029 466035 107029 466035
1502401200 107029 466035 107029 466035
1502400900 107029 466035 107029 466035
1502400600 107029 466035 107029 466035
1502400300 107029 466035 107029 466035
1502400000 107029 466035 107029 466035
1502399700 107029 466035 107029 466035
1502399400 107029 466035 107029 466035
1502399100 107029 466035 107029 466035
1502398800 107029 466035 107029 466035
1502398500 107029 466035 107029 466035
1502398200 107029 466035 107029 466035
1502397900 107029 466035 107029 466035
1502397600 107029 466035 107029 466035
1502397300 107029 466035 107029 466035
1502397000 107029 466035 107029 466035
1502396700 107029 466035 107029 466035
1502396400 107029 466035 107029 466035
1502396100 107029 466035 107029 466035
1502395800 107029 466035 107029 466035
1502395500 107029 466035 107029 466035
1502395200 107029 466035 107029 466035
1502394900 107029 466035 107029 466035
1502394600 107029 466035 107029 466035
1502394300 107029 466035 107029 466035
1502394000 107029 466035 107029 466035
1502393700 107029 466035 107029 466035
1502393400 107029 466035 107029 466035
1502393100 107029 466035 107029 466035
1502392800 107029 466035 107029 466035
1502392500 107029 466035 107029 466035
1502392200 107029 466035 107029 466035
1502391900 107029 466035 107029 466035
1502391600 107029 466035 107029 466035
1502391300 107029 466035 107029 466035
1502391000 107029 466035 107029 466035
1502390700 107029 466035 107029 466035
1502390400 107029 466035 107029 466035
1502390100 107029 466035 107029 466035
1502389800 107029 466035 107029 466035
1502389500 107029 466035 107029 466035
1502389200 107029 466035 107029 466035
1502388900 107029 466035 107029 466035
1502388600 107029 466035 107029 466035
1502388300 107029 466035 107029 466035
1502388000 107029 466035 107029 466035
1502387700 107029 466035 107029 466035
1502387400 107029 466035 107029 466035
1502387100 107029 466035 107029 466035
1502386800 107029 466035 107029 466035
1502386500 107029 466035 107029 466035
1502386200 107029 466035 107029 466035
1502385900 107029 466035 107029 466035
1502385600 107029 466035 107029 466035
1502385300 107029 466035 107029 466035
1502385000 107029 466035 107029 466035
1502384700 107029 466035 107029 466035
1502384400 107029 466035 107029 466035
1502384100 107029 466035 107029 466035
1502383800 107029 466035 107029 466035
1502383500 107029 466035 107029 466035
1502383200 107029 466035 107029 466035
1502382900 107029 466035 107029 466035
1502382600 107029 466035 107029 466035
1502382300 107029 466035 107029 466035
1502382000 107029 466035 107029 466035
1502381700 107029 466035 107029 466035
1502381400 107029 466035 107029 466035
1502381100 107029 466035 107029 466035
1502380800 107029 466035 107029 466035
1502380500 107029 466035 107029 466035
1502380200 107029 466035 107029 466035
1502379900 107029 466035 107029 466035
1502379600 107029 466035 107029 466035
1502379300 107029 466035 107029 466035
1502379000 107029 466035 107029 466035
1502378700 107029 466035 107029 466035
1502378400 107029 466035 107029 466035
1502378100 107029 466035 107029 466035
1502377800 107029 466035 107029 466035
1502377500 107029 466035 107029 466035
1502377200 107029 466035 107029 466035
1502376900 107029 466035 107029 466035
1502376600 107029 466035 107029 466035
1502376300 107029 466035 107029 466035
1502376000 107029 466035 107029 466035
1502375700 107029 466035 107029 466035
1502375400 107029 466035 107029 466035
1502375100 107029 466035 107029 466035
1502374800 107029 466035 107029 466035
1502374500 107029 466035 107029 466035
1502374200 107029 466035 107029 466035
1502373900 107029 466035 107029 466035
1502373600 107029 466035 107029 466035
1502373300 107029 466035 107029 466035
1502373000 107029 466035 107029 466035
1502372700 107029 466035 107029 466035
1502372400 107029 466035 107029 466035
1502372100 107029 466035 107029 466035
1502371800 107029 466035 107029 466035
1502371500 107029 466035 107029 466035
1502371200 107029 466035 107029 466035
1502370900 107029 466035 107029 466035
1502370600 107029 466035 107029 466035
1502370300 107029 466035 107029 466035
1502370000 107029 466035 107029 466035
1502369700 107029 466035 107029 466035
1502369400 107029 466035 107029 466035
1502369100 107029 466035 107029 466035
1502368800 107029 466035 107029 466035
1502368500 107029 466035 107029 466035
1502368200 107029 466035 107029 466035
1502367900 107029 466035 107029 466035
1502367600 107029 466035 107029 466035
1502367300 107029 466035 107029 466035
1502367000 107029 466035 107029 466035
1502366700 107029 466035 107029 466035
1502366400 107029 466035 107029 466035
1502366100 107029 466035 107029 466035
1502365800 107029 466035 107029 466035
1502365500 107029 466035 107029 466035
1502365200 107029 466035 107029 466035
1502364900 107029 466035 107029 466035
1502364600 107029 466035 107029 466035
1502364300 107029 466035 107029 466035
1502364000 107029 466035 107029 466035
1502363700 107029 466035 107029 466035
1502363400 107029 466035 107029 466035
1502363100 107029 466035 107029 466035
1502362800 107029 466035 107029 466035
1502362500 107029 466035 107029 466035
1502362200 107029 466035 107029 466035
1502361900 107029 466035 107029 466035
1502361600 107029 466035 107029 466035
1502361300 107029 466035 107029 466035
1502361000 107029 466035 107029 466035
1502360700 107029 466035 107029 466035
1502360400 107029 466035 107029 466035
1502360100 107029 466035 107029 466035
1502359800 107029 466035 107029 466035
1502359500 107029 466035 107029 466035
1502359200 107029 466035 107029 466035
1502358900 107029 466035 107029 466035
1502358600 107029 466035 107029 466035
1502358300 107029 466035 107029 466035
1502358000 107029 466035 107029 466035
1502357700 107029 466035 107029 466035
1502357400 107029 466035 107029 466035
1502357100 107029 466035 107029 466035
1502356800 107029 466035 107029 466035
1502356500 107029 466035 107029 466035
1502356200 107029 466035 107029 466035
1502355900 107029 466035 107029 466035
1502355600 107029 466035 107029 466035
1502355300 107029 466035 107029 466035
1502355000 107029 466035 107029 466035
1502354700 107029 466035 107029 466035
1502354400 107029 466035 107029 466035
1502354100 107029 466035 107029 466035
1502353800 107029 466035 107029 466035
1502353500 107029 466035 107029 466035
1502353200 107029 466035 107029 466035
1502352900 107029 466035 107029 466035
1502352600 107029 466035 107029 466035
1502352300 107029 466035 107029 466035
1502352000 107029 466035 107029 466035
1502351700 107029 466035 107029 466035
1502351400 107029 466035 107029 466035
1502351100 107029 466035 107029 466035
1502350800 107029 466035 107029 466035
1502350500 107029 466035 107029 466035
1502350200 107029 466035 107029 466035
1502349900 107029 466035 107029 466035
1502349600 107029 466035 107029 466035
1502349300 107029 466035 107029 466035
1502349000 107029 466035 107029 466035
1502348700 107029 466035 107029 466035
1502348400 107029 466035 107029 466035
1502348100 107029 466035 107029 466035
1502347800 107029 466035 107029 466035
1502347500 107029 466035 107029 466035
1502347200 107029 466035 107029 466035
1502346900 107029 466035 107029 466035
1502346600 107029 466035 107029 466035
1502346300 107029 466035 107029 466035
1502346000 107029 466035 107029 466035
1502345700 107029 466035 107029 466035
1502345400 107029 466035 107029 466035
1502345100 107029 466035 107029 466035
1502344800 107029 466035 107029 466035
1502344500 107029 466035 107029 466035
1502344200 107029 466035 107029 466035
1502343900 107029 466035 107029 466035
1502343600 107029 466035 107029 466035
1502343300 107029 466035 107029 466035
1502343000 107029 466035 107029 466035
1502342700 107029 466035 107029 466035
1502342400 107029 466035 107029 466035
1502342100 107029 466035 107029 466035
1502341800 107029 466035 107029 466035
1502341500 107029 466035 107029 466035
1502341200 107029 466035 107029 466035
1502340900 107029 466035 107029 466035
1502340600 107029 466035 107029 466035
1502340300 107029 466035 107029 466035
1502340000 107029 466035 107029 466035
1502339700 107029 466035 107029 466035
1502339400 107029 466035 107029 466035
1502339100 107029 466035 107029 466035
1502338800 107029 466035 107029 466035
1502338500 107029 466035 107029 466035
1502338200 107029 466035 107029 466035
1502337900 107029 466035 107029 466035
1502337600 107029 466035 107029 466035
1502337300 107029 466035 107029 466035
1502337000 107029 466035 107029 466035
1502336700 107029 466035 107029 466035
1502336400 107029 466035 107029 466035
1502336100 107029 466035 107029 466035
1502335800 107029 466035 107029 466035
1502335500 107029 466035 107029 466035
1502335200 107029 466035 107029 466035
1502334900 107029 466035 107029 466035
1502334600 107029 466035 107029 466035
1502334300 107029 466035 107029 466035
1502334000 107029 466035 107029 466035
1502333700 107029 466035 107029 466035
1502333400 107029 466035 107029 466035
1502333100 107029 466035 107029 466035
1502332800 107029 466035 107029 466035
1502332500 107029 466035 107029 466035
1502332200 107029 466035 107029 466035
1502331900 107029 466035 107029 466035
1502331600 107029 466035 107029 466035
1502331300 107029 466035 107029 466035
1502331000 107029 466035 107029 466035
1502330700 107029 466035 107029 466035
1502330400 107029 466035 107029 466035
1502330100 107029 466035 107029 466035
1502329800 107029 466035 107029 466035
1502329500 107029 466035 107029 466035
1502329200 107029 466035 107029 466035
1502328900 107029 466035 107029 466035
1502328600 107029 466035 107029 466035
1502328300 107029 466035 107029 466035
1502328000 107029 466035 107029 466035
1502327700 107029 466035 107029 466035
1502327400 107029 466035 107029 466035
1502327100 107029 466035 107029 466035
1502326800 107029 466035 107029 466035
1502326500 107029 466035 107029 466035
1502326200 107029 466035 107029 466035
1502325900 107029 466035 107029 466035
1502325600 107029 466035 107029 466035
1502325300 107029 466035 107029 466035
1502325000 107029 466035 107029 466035
1502324700 107029 466035 107029 466035
1502324400 107029 466035 107029 466035
1502324100 107029 466035 107029 466035
1502323800 107029 466035 107029 466035
1502323500 107029 466035 107029 466035
1502323200 107029 466035 107029 466035
1502322900 107029 466035 107029 466035
1502322600 107029 466035 107029 466035
1502322300 107029 466035 107029 466035
1502322000 107029 466035 107029 466035
1502321700 107029 466035 107029 466035
1502321400 107029 466035 107029 466035
1502321100 107029 466035 107029 466035
1502320800 107029 466035 107029 466035
1502320500 107029 466035 107029 466035
1502320200 107029 466035 107029 466035
1502319900 107029 466035 107029 466035
1502319600 107029 466035 107029 466035
1502319300 107029 466035 107029 466035
1502319000 107029 466035 107029 466035
1502318700 107029 466035 107029 466035
1502318400 107029 466035 107029 466035
1502318100 107029 466035 107029 466035
1502317800 107029 466035 107029 466035
1502317500 107029 466035 107029 466035
1502317200 107029 466035 107029 466035
1502316900 107029 466035 107029 466035
1502316600 107029 466035 107029 466035
1502316300 107029 466035 107029 466035
1502316000 107029 466035 107029 466035
1502315700 107029 466035 107029 466035
1502315400 107029 466035 107029 466035
1502315100 107029 466035 107029 466035
1502314800 107029 466035 107029 466035
1502314500 107029 466035 107029 466035
1502314200 107029 466035 107029 466035
1502313900 107029 466035 107029 466035
1502313600 107029 466035 107029 466035
1502313300 107029 466035 107029 466035
1502313000 107029 466035 107029 466035
1502312700 107029 466035 107029 466035
1502312400 107029 466035 107029 466035
1502312100 107029 466035 107029 466035
1502311800 107029 466035 107029 466035
1502311500 107029 466035 107029 466035
1502311200 107029 466035 107029 466035
1502310900 107029 466035 107029 466035
1502310600 107029 466035 107029 466035
1502310300 107029 466035 107029 466035
1502310000 107029 466035 107029 466035
1502309700 107029 466035 107029 466035
1502309400 107029 466035 107029 466035
1502309100 107029 466035 107029 466035
1502308800 107029 466035 107029 466035
1502308500 107029 466035 107029 466035
1502308200 107029 466035 107029 466035
1502307900 107029 466035 107029 466035
1502307600 107029 466035 107029 466035
1502307300 107029 466035 107029 466035
1502307000 107029 466035 107029 466035
1502306700 107029 466035 107029 466035
1502306400 107029 466035 107029 466035
1502306100 107029 466035 107029 466035
1502305800 107029 466035 107029 466035
1502305500 107029 466035 107029 466035
1502305200 107029 466035 107029 466035
1502304900 107029 466035 107029 466035
1502304600 107029 466035 107029 466035
1502304300 107029 466035 107029 466035
1502304000 107029 466035 107029 466035
1502303700 107029 466035 107029 466035
1502303400 107029 466035 107029 466035
1502303100 107029 466035 107029 466035
1502302800 107029 466035 107029 466035
1502302500 107029 466035 107029 466035
1502302200 107029 466035 107029 466035
1502301900 107029 466035 107029 466035
1502301600 107029 466035 107029 466035
1502301300 107029 466035 107029 466035
1502301000 107029 466035 107029 466035
1502300700 107029 466035 107029 466035
1502300400 107029 466035 107029 466035
1502300100 107029 466035 107029 466035
1502299800 107029 466035 107029 466035
1502299500 107029 466035 107029 466035
1502299200 107029 466035 107029 466035
1502298900 107029 466035 107029 466035
1502298600 107029 466035 107029 466035
1502298300 107029 466035 107029 466035
1502298000 107029 466035 107029 466035
1502297700 107029 466035 107029 466035
1502297400 107029 466035 107029 466035
1502297100 107029 466035 107029 466035
1502296800 107029 466035 107029 466035
1502296500 107029 466035 107029 466035
1502296200 107029 466035 107029 466035
1502295900 107029 466035 107029 466035
1502295600 107029 466035 107029 466035
1502295300 107029 466035 107029 466035
1502295000 107029 466035 107029 466035
1502294700 107029 466035 107029 466035
1502294400 107029 466035 107029 466035
1502294100 107029 466035 107029 466035
1502293800 107029 466035 107029 466035
1502293500 107029 466035 107029 466035
1502293200 107029 466035 107029 466035
1502292900 107029 466035 107029 466035
1502292600 107029 466035 107029 466035
1502292300 107029 466035 107029 466035
1502292000 107029 466035 107029 466035
1502291700 107029 466035 107029 466035
1502291400 107029 466035 107029 466035
1502291100 107029 466035 107029 466035
1502290800 107029 466035 107029 466035
1502290500 107029 466035 107029 466035
1502290200 107029 466035 107029 466035
1502289900 107029 466035 107029 466035
1502289600 107029 466035 107029 466035
1502289300 107029 466035 107029 466035
1502289000 107029 466035 107029 466035
1502288700 107029 466035 107029 466035
1502288400 107029 466035 107029 466035
1502288100 107029 466035 107029 466035
1502287800 107029 466035 107029 466035
1502287500 107029 466035 107029 466035
1502287200 107029 466035 107029 466035
1502286900 107029 466035 107029 466035
1502286600 107029 466035 107029 466035
1502286300 107029 466035 107029 466035
1502286000 107029 466035 107029 466035
1502285700 107029 466035 107029 466035
1502285400 107029 466035 107029 466035
1502285100 107029 466035 107029 466035
1502284800 107029 466035 107029 466035
1502284500 107029 466035 107029 466035
1502284200 107029 466035 107029 466035
1502283900 107029 466035 107029 466035
1502283600 107029 466035 107029 466035
1502283300 107029 466035 107029 466035
1502283000 107029 466035 107029 466035
1502282700 107029 466035 107029 466035
1502282400 107029 466035 107029 466035
1502282100 107029 466035 107029 466035
1502281800 107029 466035 107029 466035
1502281500 107029 466035 107029 466035
1502281200 107029 466035 107029 466035
1502280900 107029 466035 107029 466035
1502280600 107029 466035 107029 466035
1502280300 107029 466035 107029 466035
1502280000 107029 466035 107029 466035
1502279700 107029 466035 107029 466035
1502279400 107029 466035 107029 466035
1502279100 107029 466035 107029 466035
1502278800 107029 466035 107029 466035
1502278500 107029 466035 107029 466035
1502278200 107029 466035 107029 466035
1502277900 107029 466035 107029 466035
1502277600 107029 466035 107029 466035
1502277300 107029 466035 107029 466035
1502277000 107029 466035 107029 466035
1502276700 107029 466035 107029 466035
1502276400 107029 466035 107029 466035
1502276100 107029 466035 107029 466035
1502275800 107029 466035 107029 466035
1502275500 107029 466035 107029 466035
1502275200 107029 466035 107029 466035
1502274900 107029 466035 107029 466035
1502274600 107029 466035 107029 466035
1502274300 107029 466035 107029 466035
1502274000 107029 466035 107029 466035
1502273700 107029 466035 107029 466035
1502273400 107029 466035 107029 466035
1502273100 107029 466035 107029 466035
1502272800 107029 466035 107029 466035
1502272500 107029 466035 107029 466035
1502272200 107029 466035 107029 466035
1502271900 107029 466035 107029 466035
1502271600 107029 466035 107029 466035
1502271300 107029 466035 107029 466035
1502271000 107029 466035 107029 466035
1502270700 107029 466035 107029 466035
1502270400 107029 466035 107029 466035
1502270100 107029 466035 107029 466035
1502269800 107029 466035 107029 466035
1502269500 107029 466035 107029 466035
1502269200 107029 466035 107029 466035
1502268900 107029 466035 107029 466035
1502268600 107029 466035 107029 466035
1502268300 107029 466035 107029 466035
1502268000 107029 466035 107029 466035
1502267700 107029 466035 107029 466035
1502267400 107029 466035 107029 466035
1502267100 107029 466035 107029 466035
1502266800 107029 466035 107029 466035
1502266500 107029 466035 107029 466035
1502266200 107029 466035 107029 466035
1502265900 107029 466035 107029 466035
1502265600 107029 466035 107029 466035
1502265300 107029 466035 107029 466035
1502265000 107029 466035 107029 466035
1502264700 107029 466035 107029 466035
1502264400 107029 466035 107029 466035
1502264100 107029 466035 107029 466035
1502263800 107029 466035 107029 466035
1502263500 107029 466035 107029 466035
1502263200 107029 466035 107029 466035
1502262900 107029 466035 107029 466035
1502262600 107029 466035 107029 466035
1502262300 107029 466035 107029 466035
1502262000 107029 466035 107029 466035
1502261700 107029 466035 107029 466035
1502261400 107029 466035 107029 466035
1502261100 107029 466035 107029 466035
1502260800 107029 466035 107029 466035
1502260500 107029 466035 107029 466035
1502260200 107029 466035 107029 466035
1502259900 107029 466035 107029 466035
1502259600 107029 466035 107029 466035
1502259300 107029 466035 107029 466035
1502259000 107029 466035 107029 466035
1502258700 107029 466035 107029 466035
1502258400 107029 466035 107029 466035
1502258100 107029 466035 107029 466035
1502257800 107029 466035 107029 466035
1502257500 107029 466035 107029 466035
1502257200 107029 466035 107029 466035
1502256900 107029 466035 107029 466035
1502256600 107029 466035 107029 466035
1502256300 107029 466035 107029 466035
1502256000 107029 466035 107029 466035
1502255700 107029 466035 107029 466035
1502255400 107029 466035 107029 466035
1502255100 107029 466035 107029 466035
1502254800 107029 466035 107029 466035
1502254500 107029 466035 107029 466035
1502254200 107029 466035 107029 466035
1502253900 107029 466035 107029 466035
1502253600 107029 466035 107029 466035
1502253300 107029 466035 107029 466035
1502253000 107029 466035 107029 466035
1502252700 107029 466035 107029 466035
1502252400 107029 466035 107029 466035
1502252100 107029 466035 107029 466035
1502251800 107029 466035 107029 466035
1502251500 107029 466035 107029 466035
1502251200 107029 466035 107029 466035
1502250900 107029 466035 107029 466035
1502250600 107029 466035 107029 466035
1502250300 107029 466035 107029 466035
1502250000 107029 466035 107029 466035
1502249700 107029 466035 107029 466035
1502249400 107029 466035 107029 466035
1502249100 107029 466035 107029 466035
1502248800 107029 466035 107029 466035
1502248500 107029 466035 107029 466035
1502248200 107029 466035 107029 466035
1502247900 107029 466035 107029 466035
1502247600 107029 466035 107029 466035
1502247300 107029 466035 107029 466035
1502247000 107029 466035 107029 466035
1502246700 107029 466035 107029 466035
1502246400 107029 466035 107029 466035
1502246100 107029 466035 107029 466035
1502245800 107029 466035 107029 466035
1502245500 107029 466035 107029 466035
1502245200 107029 466035 107029 466035
1502244900 107029 466035 107029 466035
1502244600 107029 466035 107029 466035
1502244300 107029 466035 107029 466035
1502244000 107029 466035 107029 466035
1502243700 107029 466035 107029 466035
1502243400 107029 466035 107029 466035
1502243100 107029 466035 107029 466035
1502242800 107029 466035 107029 466035
1502242500 107029 466035 107029 466035
1502242200 107029 466035 107029 466035
1502241900 107029 466035 107029 466035
1502241600 107029 466035 107029 466035
1502241300 107029 466035 107029 466035
1502241000 107029 466035 107029 466035
1502240700 107029 466035 107029 466035
1502240400 107029 466035 107029 466035
1502240100 107029 466035 107029 466035
1502239800 107029 466035 107029 466035
1502239500 107029 466035 107029 466035
1502239200 107029 466035 107029 466035
1502238900 107029 466035 107029 466035
1502238600 107029 466035 107029 466035
1502236800 107029 466035 107029 466035
1502235000 107029 466035 107029 466035
1502233200 107029 466035 107029 466035
1502231400 107029 466035 107029 466035
1502229600 107029 466035 107029 466035
1502227800 107029 466035 107029 466035
1502226000 107029 466035 107029 466035
1502224200 107029 466035 107029 466035
1502222400 107029 466035 107029 466035
1502220600 107029 466035 107029 466035
1502218800 107029 466035 107029 466035
1502217000 107029 466035 107029 466035
1502215200 107029 466035 107029 466035
1502213400 107029 466035 107029 466035
1502211600 107029 466035 107029 466035
1502209800 107029 466035 107029 466035
1502208000 107029 466035 107029 466035
1502206200 107029 466035 107029 466035
1502204400 107029 466035 107029 466035
1502202600 107029 466035 107029 466035
1502200800 107029 466035 107029 466035
1502199000 107029 466035 107029 466035
1502197200 107029 466035 107029 466035
1502195400 107029 466035 107029 466035
1502193600 107029 466035 107029 466035
1502191800 107029 466035 107029 466035
1502190000 107029 466035 107029 466035
1502188200 107029 466035 107029 466035
1502186400 107029 466035 107029 466035
1502184600 107029 466035 107029 466035
1502182800 107029 466035 107029 466035
1502181000 107029 466035 107029 466035
1502179200 107029 466035 107029 466035
1502177400 107029 466035 107029 466035
1502175600 107029 466035 107029 466035
1502173800 107029 466035 107029 466035
1502172000 107029 466035 107029 466035
1502170200 107029 466035 107029 466035
1502168400 107029 466035 107029 466035
1502166600 107029 466035 107029 466035
1502164800 107029 466035 107029 466035
1502163000 107029 466035 107029 466035
1502161200 107029 466035 107029 466035
1502159400 107029 466035 107029 466035
1502157600 107029 466035 107029 466035
1502155800 107029 466035 107029 466035
1502154000 107029 466035 107029 466035
1502152200 107029 466035 107029 466035
1502150400 107029 466035 107029 466035
1502148600 107029 466035 107029 466035
1502146800 107029 466035 107029 466035
1502145000 107029 466035 107029 466035
1502143200 107029 466035 107029 466035
1502141400 107029 466035 107029 466035
1502139600 107029 466035 107029 466035
1502137800 107029 466035 107029 466035
1502136000 107029 466035 107029 466035
1502134200 107029 466035 107029 466035
1502132400 107029 466035 107029 466035
1502130600 107029 466035 107029 466035
1502128800 107029 466035 107029 466035
1502127000 107029 466035 107029 466035
1502125200 107029 466035 107029 466035
1502123400 107029 466035 107029 466035
1502121600 107029 466035 107029 466035
1502119800 107029 466035 107029 466035
1502118000 107029 466035 107029 466035
1502116200 107029 466035 107029 466035
1502114400 107029 466035 107029 466035
1502112600 107029 466035 107029 466035
1502110800 107029 466035 107029 466035
1502109000 107029 466035 107029 466035
1502107200 107029 466035 107029 466035
1502105400 107029 466035 107029 466035
1502103600 107029 466035 107029 466035
1502101800 107029 466035 107029 466035
1502100000 107029 466035 107029 466035
1502098200 107029 466035 107029 466035
1502096400 107029 466035 107029 466035
1502094600 107029 466035 107029 466035
1502092800 107029 466035 107029 466035
1502091000 107029 466035 107029 466035
1502089200 107029 466035 107029 466035
1502087400 107029 466035 107029 466035
1502085600 107029 466035 107029 466035
1502083800 107029 466035 107029 466035
1502082000 107029 466035 107029 466035
1502080200 107029 466035 107029 466035
1502078400 107029 466035 107029 466035
1502076600 107029 466035 107029 466035
1502074800 107029 466035 107029 466035
1502073000 107029 466035 107029 466035
1502071200 107029 466035 107029 466035
1502069400 107029 466035 107029 466035
1502067600 107029 466035 107029 466035
1502065800 107029 466035 107029 466035
1502064000 107029 466035 107029 466035
1502062200 107029 466035 107029 466035
1502060400 107029 466035 107029 466035
1502058600 107029 466035 107029 466035
1502056800 107029 466035 107029 466035
1502055000 107029 466035 107029 466035
1502053200 107029 466035 107029 466035
1502051400 107029 466035 107029 466035
1502049600 107029 466035 107029 466035
1502047800 107029 466035 107029 466035
1502046000 107029 466035 107029 466035
1502044200 107029 466035 107029 466035
1502042400 107029 466035 107029 466035
1502040600 107029 466035 107029 466035
1502038800 107029 466035 107029 466035
1502037000 107029 466035 107029 466035
1502035200 107029 466035 107029 466035
1502033400 107029 466035 107029 466035
1502031600 107029 466035 107029 466035
1502029800 107029 466035 107029 466035
1502028000 107029 466035 107029 466035
1502026200 107029 466035 107029 466035
1502024400 107029 466035 107029 466035
1502022600 107029 466035 107029 466035
1502020800 107029 466035 107029 466035
1502019000 107029 466035 107029 466035
1502017200 107029 466035 107029 466035
1502015400 107029 466035 107029 466035
1502013600 107029 466035 107029 466035
1502011800 107029 466035 107029 466035
1502010000 107029 466035 107029 466035
1502008200 107029 466035 107029 466035
1502006400 107029 466035 107029 466035
1502004600 107029 466035 107029 466035
1502002800 107029 466035 107029 466035
1502001000 107029 466035 107029 466035
1501999200 107029 466035 107029 466035
1501997400 107029 466035 107029 466035
1501995600 107029 466035 107029 466035
1501993800 107029 466035 107029 466035
1501992000 107029 466035 107029 466035
1501990200 107029 466035 107029 466035
1501988400 107029 466035 107029 466035
1501986600 107029 466035 107029 466035
1501984800 107029 466035 107029 466035
1501983000 107029 466035 107029 466035
1501981200 107029 466035 107029 466035
1501979400 107029 466035 107029 466035
1501977600 107029 466035 107029 466035
1501975800 107029 466035 107029 466035
1501974000 107029 466035 107029 466035
1501972200 107029 466035 107029 466035
1501970400 107029 466035 107029 466035
1501968600 107029 466035 107029 466035
1501966800 107029 466035 107029 466035
1501965000 107029 466035 107029 466035
1501963200 107029 466035 107029 466035
1501961400 107029 466035 107029 466035
1501959600 107029 466035 107029 466035
1501957800 107029 466035 107029 466035
1501956000 107029 466035 107029 466035
1501954200 107029 466035 107029 466035
1501952400 107029 466035 107029 466035
1501950600 107029 466035 107029 466035
1501948800 107029 466035 107029 466035
1501947000 107029 466035 107029 466035
1501945200 107029 466035 107029 466035
1501943400 107029 466035 107029 466035
1501941600 107029 466035 107029 466035
1501939800 107029 466035 107029 466035
1501938000 107029 466035 107029 466035
1501936200 107029 466035 107029 466035
1501934400 107029 466035 107029 466035
1501932600 107029 466035 107029 466035
1501930800 107029 466035 107029 466035
1501929000 107029 466035 107029 466035
1501927200 107029 466035 107029 466035
1501925400 107029 466035 107029 466035
1501923600 107029 466035 107029 466035
1501921800 107029 466035 107029 466035
1501920000 107029 466035 107029 466035
1501918200 107029 466035 107029 466035
1501916400 107029 466035 107029 466035
1501914600 107029 466035 107029 466035
1501912800 107029 466035 107029 466035
1501911000 107029 466035 107029 466035
1501909200 107029 466035 107029 466035
1501907400 107029 466035 107029 466035
1501905600 107029 466035 107029 466035
1501903800 107029 466035 107029 466035
1501902000 107029 466035 107029 466035
1501900200 107029 466035 107029 466035
1501898400 107029 466035 107029 466035
1501896600 107029 466035 107029 466035
1501894800 107029 466035 107029 466035
1501893000 107029 466035 107029 466035
1501891200 107029 466035 107029 466035
1501889400 107029 466035 107029 466035
1501887600 107029 466035 107029 466035
1501885800 107029 466035 107029 466035
1501884000 107029 466035 107029 466035
1501882200 107029 466035 107029 466035
1501880400 107029 466035 107029 466035
1501878600 107029 466035 107029 466035
1501876800 107029 466035 107029 466035
1501875000 107029 466035 107029 466035
1501873200 107029 466035 107029 466035
1501871400 107029 466035 107029 466035
1501869600 107029 466035 107029 466035
1501867800 107029 466035 107029 466035
1501866000 107029 466035 107029 466035
1501864200 107029 466035 107029 466035
1501862400 107029 466035 107029 466035
1501860600 107029 466035 107029 466035
1501858800 107029 466035 107029 466035
1501857000 107029 466035 107029 466035
1501855200 107029 466035 107029 466035
1501853400 107029 466035 107029 466035
1501851600 107029 466035 107029 466035
1501849800 107029 466035 107029 466035
1501848000 107029 466035 107029 466035
1501846200 107029 466035 107029 466035
1501844400 107029 466035 107029 466035
1501842600 107029 466035 107029 466035
1501840800 107029 466035 107029 466035
1501839000 107029 466035 107029 466035
1501837200 107029 466035 107029 466035
1501835400 107029 466035 107029 466035
1501833600 107029 466035 107029 466035
1501831800 107029 466035 107029 466035
1501830000 107029 466035 107029 466035
1501828200 107029 466035 107029 466035
1501826400 107029 466035 107029 466035
1501824600 107029 466035 107029 466035
1501822800 107029 466035 107029 466035
1501821000 107029 466035 107029 466035
1501819200 107029 466035 107029 466035
1501817400 107029 466035 107029 466035
1501815600 107029 466035 107029 466035
1501813800 107029 466035 107029 466035
1501812000 107029 466035 107029 466035
1501810200 107029 466035 107029 466035
1501808400 107029 466035 107029 466035
1501806600 107029 466035 107029 466035
1501804800 107029 466035 107029 466035
1501803000 107029 466035 107029 466035
1501801200 107029 466035 107029 466035
1501799400 107029 466035 107029 466035
1501797600 107029 466035 107029 466035
1501795800 107029 466035 107029 466035
1501794000 107029 466035 107029 466035
1501792200 107029 466035 107029 466035
1501790400 107029 466035 107029 466035
1501788600 107029 466035 107029 466035
1501786800 107029 466035 107029 466035
1501785000 107029 466035 107029 466035
1501783200 107029 466035 107029 466035
1501781400 107029 466035 107029 466035
1501779600 107029 466035 107029 466035
1501777800 107029 466035 107029 466035
1501776000 107029 466035 107029 466035
1501774200 107029 466035 107029 466035
1501772400 107029 466035 107029 466035
1501770600 107029 466035 107029 466035
1501768800 107029 466035 107029 466035
1501767000 107029 466035 107029 466035
1501765200 107029 466035 107029 466035
1501763400 107029 466035 107029 466035
1501761600 107029 466035 107029 466035
1501759800 107029 466035 107029 466035
1501758000 107029 466035 107029 466035
1501756200 107029 466035 107029 466035
1501754400 107029 466035 107029 466035
1501752600 107029 466035 107029 466035
1501750800 107029 466035 107029 466035
1501749000 107029 466035 107029 466035
1501747200 107029 466035 107029 466035
1501745400 107029 466035 107029 466035
1501743600 107029 466035 107029 466035
1501741800 107029 466035 107029 466035
1501740000 107029 466035 107029 466035
1501738200 107029 466035 107029 466035
1501736400 107029 466035 107029 466035
1501734600 107029 466035 107029 466035
1501732800 107029 466035 107029 466035
1501731000 107029 466035 107029 466035
1501729200 107029 466035 107029 466035
1501727400 107029 466035 107029 466035
1501725600 107029 466035 107029 466035
1501723800 107029 466035 107029 466035
1501722000 107029 466035 107029 466035
1501720200 107029 466035 107029 466035
1501718400 107029 466035 107029 466035
1501716600 107029 466035 107029 466035
1501714800 107029 466035 107029 466035
1501713000 107029 466035 107029 466035
1501711200 107029 466035 107029 466035
1501709400 107029 466035 107029 466035
1501707600 107029 466035 107029 466035
1501705800 107029 466035 107029 466035
1501704000 107029 466035 107029 466035
1501702200 107029 466035 107029 466035
1501700400 107029 466035 107029 466035
1501698600 107029 466035 107029 466035
1501696800 107029 466035 107029 466035
1501695000 107029 466035 107029 466035
1501693200 107029 466035 107029 466035
1501691400 107029 466035 107029 466035
1501689600 107029 466035 107029 466035
1501687800 107029 466035 107029 466035
1501686000 107029 466035 107029 466035
1501684200 107029 466035 107029 466035
1501682400 107029 466035 107029 466035
1501680600 107029 466035 107029 466035
1501678800 107029 466035 107029 466035
1501677000 107029 466035 107029 466035
1501675200 107029 466035 107029 466035
1501673400 107029 466035 107029 466035
1501671600 107029 466035 107029 466035
1501669800 107029 466035 107029 466035
1501668000 107029 466035 107029 466035
1501666200 107029 466035 107029 466035
1501664400 107029 466035 107029 466035
1501662600 107029 466035 107029 466035
1501660800 107029 466035 107029 466035
1501659000 107029 466035 107029 466035
1501657200 107029 466035 107029 466035
1501655400 107029 466035 107029 466035
1501653600 107029 466035 107029 466035
1501651800 107029 466035 107029 466035
1501650000 107029 466035 107029 466035
1501648200 107029 466035 107029 466035
1501646400 107029 466035 107029 466035
1501644600 107029 466035 107029 466035
1501642800 107029 466035 107029 466035
1501641000 107029 466035 107029 466035
1501639200 107029 466035 107029 466035
1501637400 107029 466035 107029 466035
1501635600 107029 466035 107029 466035
1501633800 107029 466035 107029 466035
1501632000 107029 466035 107029 466035
1501630200 107029 466035 107029 466035
1501628400 107029 466035 107029 466035
1501626600 107029 466035 107029 466035
1501624800 107029 466035 107029 466035
1501623000 107029 466035 107029 466035
1501621200 107029 466035 107029 466035
1501619400 107029 466035 107029 466035
1501617600 107029 466035 107029 466035
1501615800 107029 466035 107029 466035
1501614000 107029 466035 107029 466035
1501612200 107029 466035 107029 466035
1501610400 107029 466035 107029 466035
1501608600 107029 466035 107029 466035
1501606800 107029 466035 107029 466035
1501605000 107029 466035 107029 466035
1501603200 107029 466035 107029 466035
1501601400 107029 466035 107029 466035
1501599600 107029 466035 107029 466035
1501597800 107029 466035 107029 466035
1501596000 107029 466035 107029 466035
1501594200 107029 466035 107029 466035
1501592400 107029 466035 107029 466035
1501590600 107029 466035 107029 466035
1501588800 107029 466035 107029 466035
1501587000 107029 466035 107029 466035
1501585200 107029 466035 107029 466035
1501583400 107029 466035 107029 466035
1501581600 107029 466035 107029 466035
1501579800 107029 466035 107029 466035
1501578000 107029 466035 107029 466035
1501576200 107029 466035 107029 466035
1501574400 107029 466035 107029 466035
1501572600 107029 466035 107029 466035
1501570800 107029 466035 107029 466035
1501569000 107029 466035 107029 466035
1501567200 107029 466035 107029 466035
1501565400 107029 466035 107029 466035
1501563600 107029 466035 107029 466035
1501561800 107029 466035 107029 466035
1501560000 107029 466035 107029 466035
1501558200 107029 466035 107029 466035
1501556400 107029 466035 107029 466035
1501554600 107029 466035 107029 466035
1501552800 107029 466035 107029 466035
1501551000 107029 466035 107029 466035
1501549200 107029 466035 107029 466035
1501547400 107029 466035 107029 466035
1501545600 107029 466035 107029 466035
1501543800 107029 466035 107029 466035
1501542000 107029 466035 107029 466035
1501540200 107029 466035 107029 466035
1501538400 107029 466035 107029 466035
1501536600 107029 466035 107029 466035
1501534800 107029 466035 107029 466035
1501533000 107029 466035 107029 466035
1501531200 107029 466035 107029 466035
1501529400 107029 466035 107029 466035
1501527600 107029 466035 107029 466035
1501525800 107029 466035 107029 466035
1501524000 107029 466035 107029 466035
1501522200 107029 466035 107029 466035
1501520400 107029 466035 107029 466035
1501518600 107029 466035 107029 466035
1501516800 107029 466035 107029 466035
1501515000 107029 466035 107029 466035
1501513200 107029 466035 107029 466035
1501511400 107029 466035 107029 466035
1501509600 107029 466035 107029 466035
1501507800 107029 466035 107029 466035
1501506000 107029 466035 107029 466035
1501504200 107029 466035 107029 466035
1501502400 107029 466035 107029 466035
1501500600 107029 466035 107029 466035
1501498800 107029 466035 107029 466035
1501497000 107029 466035 107029 466035
1501495200 107029 466035 107029 466035
1501493400 107029 466035 107029 466035
1501491600 107029 466035 107029 466035
1501489800 107029 466035 107029 466035
1501488000 107029 466035 107029 466035
1501486200 107029 466035 107029 466035
1501484400 107029 466035 107029 466035
1501482600 107029 466035 107029 466035
1501480800 107029 466035 107029 466035
1501479000 107029 466035 107029 466035
1501477200 107029 466035 107029 466035
1501475400 107029 466035 107029 466035
1501473600 107029 466035 107029 466035
1501471800 107029 466035 107029 466035
1501470000 107029 466035 107029 466035
1501468200 107029 466035 107029 466035
1501466400 107029 466035 107029 466035
1501464600 107029 466035 107029 466035
1501462800 107029 466035 107029 466035
1501461000 107029 466035 107029 466035
1501459200 107029 466035 107029 466035
1501457400 107029 466035 107029 466035
1501455600 107029 466035 107029 466035
1501453800 107029 466035 107029 466035
1501452000 107029 466035 107029 466035
1501450200 107029 466035 107029 466035
1501448400 107029 466035 107029 466035
1501446600 107029 466035 107029 466035
1501444800 107029 466035 107029 466035
1501443000 107029 466035 107029 466035
1501441200 107029 466035 107029 466035
1501439400 107029 466035 107029 466035
1501437600 107029 466035 107029 466035
1501435800 107029 466035 107029 466035
1501434000 107029 466035 107029 466035
1501432200 107029 466035 107029 466035
1501430400 107029 466035 107029 466035
1501428600 107029 466035 107029 466035
1501426800 107029 466035 107029 466035
1501425000 107029 466035 107029 466035
1501423200 107029 466035 107029 466035
1501421400 107029 466035 107029 466035
1501419600 107029 466035 107029 466035
1501417800 107029 466035 107029 466035
1501416000 107029 466035 107029 466035
1501414200 107029 466035 107029 466035
1501412400 107029 466035 107029 466035
1501410600 107029 466035 107029 466035
1501408800 107029 466035 107029 466035
1501407000 107029 466035 107029 466035
1501405200 107029 466035 107029 466035
1501403400 107029 466035 107029 466035
1501401600 107029 466035 107029 466035
1501399800 107029 466035 107029 466035
1501398000 107029 466035 107029 466035
1501396200 107029 466035 107029 466035
1501394400 107029 466035 107029 466035
1501392600 107029 466035 107029 466035
1501390800 107029 466035 107029 466035
1501389000 107029 466035 107029 466035
1501387200 107029 466035 107029 466035
1501385400 107029 466035 107029 466035
1501383600 107029 466035 107029 466035
1501381800 107029 466035 107029 466035
1501380000 107029 466035 107029 466035
1501378200 107029 466035 107029 466035
1501376400 107029 466035 107029 466035
1501374600 107029 466035 107029 466035
1501372800 107029 466035 107029 466035
1501371000 107029 466035 107029 466035
1501369200 107029 466035 107029 466035
1501367400 107029 466035 107029 466035
1501365600 107029 466035 107029 466035
1501363800 107029 466035 107029 466035
1501362000 107029 466035 107029 466035
1501360200 107029 466035 107029 466035
1501358400 107029 466035 107029 466035
1501356600 107029 466035 107029 466035
1501354800 107029 466035 107029 466035
1501353000 107029 466035 107029 466035
1501351200 107029 466035 107029 466035
1501349400 107029 466035 107029 466035
1501347600 107029 466035 107029 466035
1501345800 107029 466035 107029 466035
1501344000 107029 466035 107029 466035
1501342200 107029 466035 107029 466035
1501340400 107029 466035 107029 466035
1501338600 107029 466035 107029 466035
1501336800 107029 466035 107029 466035
1501335000 107029 466035 107029 466035
1501333200 107029 466035 107029 466035
1501331400 107029 466035 107029 466035
1501329600 107029 466035 107029 466035
1501327800 107029 466035 107029 466035
1501326000 107029 466035 107029 466035
1501324200 107029 466035 107029 466035
1501322400 107029 466035 107029 466035
1501320600 107029 466035 107029 466035
1501318800 107029 466035 107029 466035
1501317000 107029 466035 107029 466035
1501315200 107029 466035 107029 466035
1501313400 107029 466035 107029 466035
1501311600 107029 466035 107029 466035
1501309800 107029 466035 107029 466035
1501308000 107029 466035 107029 466035
1501306200 107029 466035 107029 466035
1501304400 107029 466035 107029 466035
1501302600 107029 466035 107029 466035
1501300800 107029 466035 107029 466035
1501299000 107029 466035 107029 466035
1501297200 107029 466035 107029 466035
1501295400 107029 466035 107029 466035
1501293600 107029 466035 107029 466035
1501291800 107029 466035 107029 466035
1501290000 107029 466035 107029 466035
1501288200 107029 466035 107029 466035
1501286400 107029 466035 107029 466035
1501284600 107029 466035 107029 466035
1501282800 107029 466035 107029 466035
1501281000 107029 466035 107029 466035
1501279200 107029 466035 107029 466035
1501277400 107029 466035 107029 466035
1501275600 107029 466035 107029 466035
1501273800 107029 466035 107029 466035
1501272000 107029 466035 107029 466035
1501270200 107029 466035 107029 466035
1501268400 107029 466035 107029 466035
1501266600 107029 466035 107029 466035
1501264800 107029 466035 107029 466035
1501263000 107029 466035 107029 466035
1501261200 107029 466035 107029 466035
1501259400 107029 466035 107029 466035
1501257600 107029 466035 107029 466035
1501255800 107029 466035 107029 466035
1501254000 107029 466035 107029 466035
1501252200 107029 466035 107029 466035
1501250400 107029 466035 107029 466035
1501248600 107029 466035 107029 466035
1501246800 107029 466035 107029 466035
1501245000 107029 466035 107029 466035
1501243200 107029 466035 107029 466035
1501241400 107029 466035 107029 466035
1501239600 107029 466035 107029 466035
1501237800 107029 466035 107029 466035
1501236000 107029 466035 107029 466035
1501234200 107029 466035 107029 466035
1501232400 107029 466035 107029 466035
1501230600 107029 466035 107029 466035
1501228800 107029 466035 107029 466035
1501227000 107029 466035 107029 466035
1501225200 107029 466035 107029 466035
1501223400 107029 466035 107029 466035
1501221600 107029 466035 107029 466035
1501219800 107029 466035 107029 466035
1501218000 107029 466035 107029 466035
1501216200 107029 466035 107029 466035
1501214400 107029 466035 107029 466035
1501212600 107029 466035 107029 466035
1501210800 107029 466035 107029 466035
1501209000 107029 466035 107029 466035
1501207200 107029 466035 107029 466035
1501205400 107029 466035 107029 466035
1501203600 107029 466035 107029 466035
1501201800 107029 466035 107029 466035
1501200000 107029 466035 107029 466035
1501198200 107029 466035 107029 466035
1501196400 107029 466035 107029 466035
1501194600 107029 466035 107029 466035
1501192800 107029 466035 107029 466035
1501191000 107029 466035 107029 466035
1501189200 107029 466035 107029 466035
1501187400 107029 466035 107029 466035
1501185600 107029 466035 107029 466035
1501183800 107029 466035 107029 466035
1501182000 107029 466035 107029 466035
1501180200 107029 466035 107029 466035
1501178400 107029 466035 107029 466035
1501176600 107029 466035 107029 466035
1501174800 107029 466035 107029 466035
1501173000 107029 466035 107029 466035
1501171200 107029 466035 107029 466035
1501169400 107029 466035 107029 466035
1501167600 107029 466035 107029 466035
1501165800 107029 466035 107029 466035
1501164000 107029 466035 107029 466035
1501162200 107029 466035 107029 466035
1501160400 107029 466035 107029 466035
1501158600 107029 466035 107029 466035
1501156800 107029 466035 107029 466035
1501149600 107029 466035 107029 466035
1501142400 107029 466035 107029 466035
1501135200 107029 466035 107029 466035
1501128000 107029 466035 107029 466035
1501120800 107029 466035 107029 466035
1501113600 107029 466035 107029 466035
1501106400 107029 466035 107029 466035
1501099200 107029 466035 107029 466035
1501092000 107029 466035 107029 466035
1501084800 107029 466035 107029 466035
1501077600 107029 466035 107029 466035
1501070400 107029 466035 107029 466035
1501063200 107029 466035 107029 466035
1501056000 107029 466035 107029 466035
1501048800 107029 466035 107029 466035
1501041600 107029 466035 107029 466035
1501034400 107029 466035 107029 466035
1501027200 107029 466035 107029 466035
1501020000 107029 466035 107029 466035
1501012800 107029 466035 107029 466035
1501005600 107029 466035 107029 466035
1500998400 107029 466035 107029 466035
1500991200 107029 466035 107029 466035
1500984000 107029 466035 107029 466035
1500976800 107029 466035 107029 466035
1500969600 107029 466035 107029 466035
1500962400 107029 466035 107029 466035
1500955200 107029 466035 107029 466035
1500948000 107029 466035 107029 466035
1500940800 107029 466035 107029 466035
1500933600 107029 466035 107029 466035
1500926400 107029 466035 107029 466035
1500919200 107029 466035 107029 466035
1500912000 107029 466035 107029 466035
1500904800 107029 466035 107029 466035
1500897600 107029 466035 107029 466035
1500890400 107029 466035 107029 466035
1500883200 107029 466035 107029 466035
1500876000 107029 466035 107029 466035
1500868800 107029 466035 107029 466035
1500861600 107029 466035 107029 466035
1500854400 107029 466035 107029 466035
1500847200 107029 466035 107029 466035
1500840000 107029 466035 107029 466035
1500832800 107029 466035 107029 466035
1500825600 107029 466035 107029 466035
1500818400 107029 466035 107029 466035
1500811200 107029 466035 107029 466035
1500804000 107029 466035 107029 466035
1500796800 107029 466035 107029 466035
1500789600 107029 466035 107029 466035
1500782400 107029 466035 107029 466035
1500775200 107029 466035 107029 466035
1500768000 107029 466035 107029 466035
1500760800 107029 466035 107029 466035
1500753600 107029 466035 107029 466035
1500746400 107029 466035 107029 466035
1500739200 107029 466035 107029 466035
1500732000 107029 466035 107029 466035
1500724800 107029 466035 107029 466035
1500717600 107029 466035 107029 466035
1500710400 107029 466035 107029 466035
1500703200 107029 466035 107029 466035
1500696000 107029 466035 107029 466035
1500688800 107029 466035 107029 466035
1500681600 107029 466035 107029 466035
1500674400 107029 466035 107029 466035
1500667200 107029 466035 107029 466035
1500660000 107029 466035 107029 466035
1500652800 107029 466035 107029 466035
1500645600 107029 466035 107029 466035
1500638400 107029 466035 107029 466035
1500631200 107029 466035 107029 466035
1500624000 107029 466035 107029 466035
1500616800 107029 466035 107029 466035
1500609600 107029 466035 107029 466035
1500602400 107029 466035 107029 466035
1500595200 107029 466035 107029 466035
1500588000 107029 466035 107029 466035
1500580800 107029 466035 107029 466035
1500573600 107029 466035 107029 466035
1500566400 107029 466035 107029 466035
1500559200 107029 466035 107029 466035
1500552000 107029 466035 107029 466035
1500544800 107029 466035 107029 466035
1500537600 107029 466035 107029 466035
1500530400 107029 466035 107029 466035
1500523200 107029 466035 107029 466035
1500516000 107029 466035 107029 466035
1500508800 107029 466035 107029 466035
1500501600 107029 466035 107029 466035
1500494400 107029 466035 107029 466035
1500487200 107029 466035 107029 466035
1500480000 107029 466035 107029 466035
1500472800 107029 466035 107029 466035
1500465600 107029 466035 107029 466035
1500458400 107029 466035 107029 466035
1500451200 107029 466035 107029 466035
1500444000 107029 466035 107029 466035
1500436800 107029 466035 107029 466035
1500429600 107029 466035 107029 466035
1500422400 107029 466035 107029 466035
1500415200 107029 466035 107029 466035
1500408000 107029 466035 107029 466035
1500400800 107029 466035 107029 466035
1500393600 107029 466035 107029 466035
1500386400 107029 466035 107029 466035
1500379200 107029 466035 107029 466035
1500372000 107029 466035 107029 466035
1500364800 86200 421465 107029 481691
1500357600 41089 640689 58311 1009577
1500350400 58311 1009577 58311 1009577
1500343200 58311 1009577 58311 1009577
1500336000 58311 1009577 58311 1009577
1500328800 58311 1009577 58311 1009577
1500321600 58311 1009577 58311 1009577
1500314400 58311 1009577 58311 1009577
1500307200 58311 1009577 58311 1009577
1500300000 58311 1009577 58311 1009577
1500292800 58311 1009577 58311 1009577
1500285600 58311 1009577 58311 1009577
1500278400 58311 1009577 58311 1009577
1500271200 58311 1009577 58311 1009577
1500264000 58311 1009577 58311 1009577
1500256800 37548 567108 58311 1009577
1500249600 10337 3403 15667 5229
1500242400 9022 3115 13752 3783
1500235200 9920 39644 31593 867742
1500228000 11026 3752 16887 13968
1500220800 16603 9395 57896 66643
1500213600 32283 143489 132846 1255328
1500206400 141977 48391 2194761 184048
1500199200 98614 126057 252677 256228
1500192000 74651 99360 673665 320271
1500184800 15258 49901 125582 265929
1500177600 14406 85685 63057 1838593
1500170400 7653 4189 11809 19518
1500163200 7626 8780 12018 136575
1500156000 9587 3808 13894 18042
1500148800 8456 41878 27024 928525
1500141600 8357 3642 15872 17839
1500134400 9457 3251 32134 4292
1500127200 33356 48219 506888 545287
1500120000 28093 674755 128282 4417149
1500112800 14403 72814 60205 479926
1500105600 10324 19713 17643 327253
1500098400 12656 4733 42988 36527
1500091200 10416 15009 42988 109182
1500084000 11878 49703 32228 536108
1500076800 7382 3070 10715 4936
1500069600 7097 4335 9369 30675
1500062400 8439 41281 23032 852152
1500055200 10848 4503 20617 28737
1500048000 13617 31598 25697 98478
1500040800 18951 130690 32234 243478
1500033600 19461 131883 47973 525726
1500026400 34945 136670 216815 448905
1500019200 31127 204080 48330 591597
1500012000 33170 316076 124482 1580070
1500004800 43690 159555 147997 466650
1499997600 22415 168846 50541 743841
1499990400 5982 18684 10607 369712
1499983200 7742 6108 37239 31989
1499976000 6185 40985 23087 882527
1499968800 6550 5757 13456 36811
1499961600 13393 24437 46595 115460
1499954400 13848 95573 37036 262467
1499947200 28936 128359 84351 256510
1499940000 23258 375631 38616 510556
1499932800 21137 510556 21137 510556
1499925600 21137 510556 21137 510556
1499918400 21137 510556 21137 510556
1499911200 21137 510556 21137 510556
1499904000 21137 510556 21137 510556
1499896800 21137 510556 21137 510556
1499889600 21137 510556 21137 510556
1499882400 21137 510556 21137 510556
1499875200 21137 510556 21137 510556
1499868000 21137 510556 21137 510556
1499860800 21137 510556 21137 510556
1499853600 21137 510556 21137 510556
1499846400 21137 510556 21137 510556
1499839200 21137 510556 21137 510556
1499832000 21137 510556 21137 510556
1499824800 21137 510556 21137 510556
1499817600 21137 510556 21137 510556
1499810400 21137 510556 21137 510556
1499803200 21137 510556 21137 510556
1499796000 21137 510556 21137 510556
1499788800 21137 510556 21137 510556
1499781600 21137 510556 21137 510556
1499774400 21137 510556 21137 510556
1499767200 21137 510556 21137 510556
1499760000 21137 510556 21137 510556
1499752800 21137 510556 21137 510556
1499745600 21137 510556 21137 510556
1499738400 21137 510556 21137 510556
1499731200 21137 510556 21137 510556
1499724000 21137 510556 21137 510556
1499716800 21137 510556 21137 510556
1499709600 21137 510556 21137 510556
1499702400 21137 510556 21137 510556
1499695200 21137 510556 21137 510556
1499688000 21137 510556 21137 510556
1499680800 21137 510556 21137 510556
1499673600 21137 510556 21137 510556
1499666400 21137 510556 21137 510556
1499659200 21137 510556 21137 510556
1499652000 16982 343587 21137 510556
1499644800 14114 6729 94833 22918
1499637600 9039 6104 16520 25948
1499630400 9571 41373 24708 867371
1499623200 7940 5566 17505 21135
1499616000 18938 12583 73140 52066
1499608800 10601 10075 36828 36771
1499601600 14386 50304 39266 133915
1499594400 19805 48562 71427 221602
1499587200 62360 419084 430748 3612042
1499580000 18045 14266 31692 93014
1499572800 19631 66650 31847 210170
1499565600 20437 9346 31291 27446
1499558400 21680 9131 43997 27035
1499551200 23090 10830 54440 43571
1499544000 37150 171899 49923 308835
1499536800 49923 308835 49923 308835
1499529600 49923 308835 49923 308835
1499522400 49923 308835 49923 308835
1499515200 49923 308835 49923 308835
1499508000 49923 308835 49923 308835
1499500800 49923 308835 49923 308835
1499493600 49923 308835 49923 308835
1499486400 49923 308835 49923 308835
1499479200 49923 308835 49923 308835
1499472000 49923 308835 49923 308835
1499464800 49923 308835 49923 308835
1499457600 49923 308835 49923 308835
1499450400 49923 308835 49923 308835
1499443200 49923 308835 49923 308835
1499436000 49923 308835 49923 308835
1499428800 49923 308835 49923 308835
1499421600 49923 308835 49923 308835
1499414400 49923 308835 49923 308835
1499407200 49923 308835 49923 308835
1499400000 49923 308835 49923 308835
1499392800 49923 308835 49923 308835
1499385600 49923 308835 49923 308835
1499378400 49923 308835 49923 308835
1499371200 49923 308835 49923 308835
1499364000 49923 308835 49923 308835
1499356800 49923 308835 49923 308835
1499349600 49923 308835 49923 308835
1499342400 49923 308835 49923 308835
1499335200 49923 308835 49923 308835
1499328000 49923 308835 49923 308835
1499320800 49923 308835 49923 308835
1499313600 49923 308835 49923 308835
1499306400 49923 308835 49923 308835
1499299200 49923 308835 49923 308835
1499292000 49923 308835 49923 308835
1499284800 49923 308835 49923 308835
1499277600 49923 308835 49923 308835
1499270400 49923 308835 49923 308835
1499263200 49923 308835 49923 308835
1499256000 49923 308835 49923 308835
1499248800 49923 308835 49923 308835
1499241600 49923 308835 49923 308835
1499234400 49923 308835 49923 308835
1499227200 49923 308835 49923 308835
1499220000 49923 308835 49923 308835
1499212800 49923 308835 49923 308835
1499205600 49923 308835 49923 308835
1499198400 49923 308835 49923 308835
1499191200 49923 308835 49923 308835
1499184000 49923 308835 49923 308835
1499176800 49923 308835 49923 308835
1499169600 49923 308835 49923 308835
1499162400 49923 308835 49923 308835
1499155200 49923 308835 49923 308835
1499148000 49923 308835 49923 308835
1499140800 49923 308835 49923 308835
1499133600 49923 308835 49923 308835
1499126400 49923 308835 49923 308835
1499119200 49923 308835 49923 308835
1499112000 49923 308835 49923 308835
1499104800 49923 308835 49923 308835
1499097600 49923 308835 49923 308835
1499090400 49923 308835 49923 308835
1499083200 49923 308835 49923 308835
1499076000 54089 297484 137323 695461
1499068800 84667 427208 176748 1196681
1499061600 95011 460264 270713 1359887
1499054400 105875 521652 178048 768747
1499047200 36852 187362 47699 264030
1499040000 18219 9622 36848 25964
1499032800 23935 15624 72029 62842
1499025600 22835 45226 69774 808333
1499018400 20441 9107 37268 29213
1499011200 60860 45730 389185 332125
1499004000 19944 10394 51127 36942
1498996800 12328 6944 50811 27188
1498989600 504749 13975 930756 37378
1498982400 314074 11623 812372 24377
1498975200 423562 18683 631878 63522
1498968000 351987 20184 734428 50655
1498960800 35826 6904 556263 22704
1498953600 8915 6406 38156 34670
1498946400 9063 5621 18479 15543
1498939200 11131 45961 27373 842446
1498932000 306211 10845 704284 32207
1498924800 376269 13060 851748 45747
1498917600 136785 86664 858810 322633
1498910400 20139 227942 34280 464819
1498903200 13690 152006 26730 583586
1498896000 13914 67820 42327 306940
1498888800 17040 10436 49303 39450
1498881600 13501 8262 57797 49972
1498874400 12905 6926 42825 32073
1498867200 9632 4996 16432 10806
1498860000 11019 11040 45266 134469
1498852800 35918 46792 432306 830936
1498845600 332618 13162 894924 38208
1498838400 357874 45725 721278 263891
1498831200 79842 290297 1236003 952392
1498824000 44985 280185 117788 4345117
1498816800 33508 356128 90764 4345117
1498809600 72189 220020 190875 571213
1498802400 22768 192681 48468 518923
1498795200 33037 154034 108349 672694
1498788000 21006 92395 55405 427473
1498780800 8551 4931 16136 8798
1498773600 9917 8760 38889 36380
1498766400 12388 42740 29548 826502
1498759200 8854 6767 20256 22603
1498752000 45172 342050 431240 2781071
1498744800 41097 308993 238589 2249641
1498737600 43558 180457 363136 713747
1498730400 83038 357456 193543 788957
1498723200 102904 530417 193543 821974
1498716000 73617 453579 161738 832137
1498708800 89209 738446 182534 3474235
1498701600 31077 269337 118693 3393976
1498694400 24719 11568 83429 66196
1498687200 20874 11243 53121 37045
1498680000 25007 44641 54818 806059
1498672800 30821 18469 125123 121107
1498665600 32024 31002 149114 176786
1498658400 27241 41755 57655 537110
1498651200 51989 267113 131611 755032
1498644000 131254 587514 162995 778036
1498636800 177312 486304 843331 684197
1498629600 103605 503513 173023 832629
1498622400 107094 498077 160255 1113094
1498615200 37915 211670 62129 736971
1498608000 64604 46819 297264 248882
1498600800 22707 49664 39498 389006
1498593600 27316 42974 109231 717221
1498586400 30882 14234 79986 39431
1498579200 52697 98957 179343 789695
1498572000 27483 33667 67178 158526
1498564800 99021 413119 300572 817036
1498557600 183027 804414 281069 1266339
1498550400 112142 519625 218668 1018824
1498543200 36460 235725 83601 700416
1498536000 103032 312958 415350 568985
1498528800 27306 263208 46301 611961
1498521600 14099 11138 37825 32022
1498514400 33867 19278 144518 71649
1498507200 20019 42504 63793 734896
1498500000 12854 12940 27499 47726
1498492800 31026 159150 185817 582733
1498485600 30654 297246 84081 755070
1498478400 33177 197055 67557 468591
1498471200 27620 107939 47768 248639
1498464000 42272 196446 163927 747156
1498456800 38541 228391 129861 645037
1498449600 37990 201779 121681 424427
1498442400 85754 353290 149185 1113653
1498435200 14668 5257 27693 10396
1498428000 12728 5790 22114 15299
1498420800 15821 33858 24046 682386
1498413600 17248 6020 34714 20967
1498406400 14110 7143 52874 38009
1498399200 16530 8752 39632 35633
1498392000 45572 99613 152897 368148
1498384800 86157 119613 156160 218074
1498377600 110547 235698 240861 550830
1498370400 50297 190279 128964 434077
1498363200 32840 192018 78728 976770
1498356000 27911 195047 65697 1220417
1498348800 23859 45948 60407 206503
1498341600 19226 13561 47422 40487
1498334400 16061 84947 35334 1136828
1498327200 13656 7909 37145 24555
1498320000 12493 7420 37145 31233
1498312800 21239 159655 42248 354034
1498305600 20724 98394 56045 180256
1498298400 17083 5678 36296 17897
1498291200 19649 44023 54105 184791
1498284000 16623 9485 32284 85539
1498276800 14630 10679 37021 84295
1498269600 14596 6347 47248 38171
1498262400 14952 8060 45596 32593
1498255200 13635 6532 26083 24983
1498248000 14460 85205 37175 1063147
1498240800 13120 5158 43150 25354
1498233600 30460 22706 173363 169367
1498226400 24749 197755 69064 448735
1498219200 39050 266663 71764 1112598
1498212000 45234 152501 89114 397118
1498204800 41332 441985 133098 3285233
1498197600 122101 276439 519616 683961
1498190400 58033 201046 104613 1040868
1498183200 38032 76976 116405 267548
1498176000 66722 42997 410260 351467
1498168800 32929 15569 72708 42427
1498161600 31374 91120 57027 1364844
1498154400 28053 13199 59989 37889
1498147200 33109 18151 83301 48360
1498140000 31047 30341 42998 46341
1498132800 51334 146877 112481 438258
1498125600 73245 125203 306464 273441
1498118400 54135 270984 101617 1230707
1498111200 67385 382774 127535 1339378
1498104000 52659 149517 130015 448607
1498096800 48686 257130 101127 1410272
1498089600 33604 20971 101127 83403
1498082400 22581 14747 58158 71263
1498075200 11221 84065 31179 1294057
1498068000 14759 8492 29707 18550
1498060800 26664 33837 86907 85972
1498053600 21974 69289 47308 223702
1498046400 56362 196079 207474 549389
1498039200 41029 141147 162923 428890
1498032000 41632 239670 90504 524644
1498024800 35814 227635 95979 469973
1498017600 34263 184813 82021 387356
1498010400 30231 178322 153726 753872
1498003200 16658 20094 164360 276935
1497996000 20172 11133 164360 68567
1497988800 18294 84309 33284 938995
1497981600 18646 6493 30058 10187
1497974400 22517 151534 41060 480191
1497967200 37647 204942 69302 524015
1497960000 40795 252007 83028 717770
1497952800 47458 138737 201464 427107
1497945600 55266 223550 104365 1061896
1497938400 49251 321442 85799 1072593
1497931200 121447 167127 493840 599645
1497924000 28356 110390 63812 406491
1497916800 30410 16426 183201 139673
1497909600 14015 9774 26894 52065
1497902400 20062 83248 42303 1050510
1497895200 29097 20927 208676 187863
1497888000 33504 14344 103316 46830
1497880800 29696 98591 80249 433901
1497873600 34755 342626 88908 1481889
1497866400 42705 254595 73232 903142
1497859200 47471 230949 173682 1177985
1497852000 56453 308746 141653 1177985
1497844800 105769 178276 429733 415181
1497837600 74115 346963 156985 1517666
1497830400 17542 9227 35129 22519
1497823200 11408 5166 20342 7681
1497816000 12699 78782 31218 1084852
1497808800 51651 19367 284845 156432
1497801600 11130 5510 20017 14486
1497794400 12256 5754 28813 12838
1497787200 10576 6227 22510 17354
1497780000 32225 22183 184847 165307
1497772800 23462 14915 101770 85111
1497765600 41578 28736 210165 177650
1497758400 82398 61605 240806 198816
1497751200 45609 25127 121522 103871
1497744000 28715 13693 79785 67064
1497736800 25420 13608 64525 54554
1497729600 24233 84479 69085 958635
1497722400 27247 14387 53858 35304
1497715200 24685 11341 56582 30070
1497708000 22545 9827 55464 27926
1497700800 26223 13015 99795 85814
1497693600 29637 81800 60990 280890
1497686400 25722 12125 50279 33138
1497679200 24858 10173 52478 31868
1497672000 23943 11170 55749 34281
1497664800 20797 9078 62657 47357
1497657600 22595 12694 53280 42824
1497650400 14258 7852 51540 37000
1497643200 9402 79115 43495 1108125
1497636000 13010 8964 43495 40393
1497628800 56802 47533 217310 219322
1497621600 38782 111334 114945 699876
1497614400 64397 374187 182755 1272505
1497607200 69934 169385 705892 731512
1497600000 48187 325271 145093 1074362
1497592800 27603 192149 50540 555780
1497585600 55009 282394 185827 617568
1497578400 24288 196781 55823 903193
1497571200 8779 5563 30725 26014
1497564000 7972 5068 19166 11101
1497556800 10075 77684 41202 908674
1497549600 18963 13820 104796 93421
1497542400 11426 6627 19788 16207
1497535200 18315 116318 41110 506183
1497528000 33915 382990 59910 1113712
1497520800 66539 190243 643719 540856
1497513600 53300 207366 338027 753129
1497506400 30240 242576 87320 847151
1497499200 111274 315366 444189 1153617
1497492000 22209 161262 57352 895417
1497484800 20979 29791 109045 370329
1497477600 10358 6090 22028 14898
1497470400 9151 69775 29958 1182966
1497463200 12311 7508 22494 16455
1497456000 28083 10479 105494 52154
1497448800 29781 127105 78823 457242
1497441600 34908 220422 66690 927244
1497434400 42770 196943 84538 1061476
1497427200 33117 200773 59603 942109
1497420000 62880 198954 233540 493838
1497412800 53260 244947 80979 716419
1497405600 63939 210280 186449 862353
1497398400 45777 25167 128277 108690
1497391200 29499 12756 50449 26757
1497384000 37580 88880 136006 974332
1497376800 16455 10417 64460 70542
1497369600 23011 99155 46377 406671
1497362400 30908 87447 54211 243777
1497355200 37258 175383 83306 786503
1497348000 147659 532670 306694 841711
1497340800 99692 526750 184772 1364256
1497333600 113529 639712 233934 1308739
1497326400 116042 582795 235567 1103491
1497319200 32575 175187 62971 715985
1497312000 23808 8301 154248 18183
1497304800 24249 14883 38171 27385
1497297600 19664 79825 55885 1036165
1497290400 16808 8629 31365 34110
1497283200 23445 105391 58296 493354
1497276000 24709 204628 41031 493354
1497268800 30108 234706 140467 975032
1497261600 64291 139609 140467 360471
1497254400 32359 100692 134863 487678
1497247200 27528 123881 52554 366873
1497240000 25475 190837 46416 541037
1497232800 67643 182159 153973 478877
1497225600 12667 8841 43415 35787
1497218400 13980 8792 54762 46696
1497211200 12490 73211 26688 837758
1497204000 12644 7909 22304 21650
1497196800 23780 11028 113936 87354
1497189600 15467 8099 28913 18708
1497182400 39551 325018 65166 849853
1497175200 34386 469270 54550 1118397
1497168000 22104 279514 42084 1185181
1497160800 12328 7128 21782 28110
1497153600 12408 5307 23369 13929
1497146400 21008 10498 106133 81048
1497139200 14455 11308 69864 99121
1497132000 13866 6825 26444 14471
1497124800 13603 73628 44339 1051342
1497117600 13774 8160 52322 41664
1497110400 16290 8345 49644 25401
1497103200 22187 11274 37986 22799
1497096000 34690 15500 60248 32290
1497088800 16253 8870 37466 25950
1497081600 12597 7295 35043 26310
1497074400 13217 8406 55500 37728
1497067200 17330 18483 52160 167430
1497060000 10308 7314 24691 25369
1497052800 77672 62411 416058 344430
1497045600 26284 19221 114029 101873
1497038400 20250 74076 33294 828210
1497031200 20835 11907 160341 61031
1497024000 31268 14847 180581 100603
1497016800 10388 9173 25539 65629
1497009600 32233 373501 154290 3811474
1497002400 38305 169755 65787 417426
1496995200 55790 231935 172373 588193
1496988000 50106 187002 112635 603091
1496980800 49440 195589 140879 536500
1496973600 28475 126781 58258 442210
1496966400 15662 7708 38343 28379
1496959200 14401 6257 25601 17876
1496952000 15734 72994 32687 1011867
1496944800 10965 6346 21464 14660
1496937600 9629 5644 23033 15151
1496930400 18674 143932 41359 598396
1496923200 34615 262162 63762 981711
1496916000 154900 401949 537937 762684
1496908800 41503 389127 73341 1033227
1496901600 41841 246571 101465 856147
1496894400 44775 125074 62480 218188
1496887200 38984 149586 271198 505098
1496880000 13432 5557 31740 22139
1496872800 9124 5495 16276 22313
1496865600 18368 72096 41894 807100
1496858400 21060 20823 73222 152532
1496851200 50906 28846 204741 134816
1496844000 38414 30105 126960 110122
1496836800 80583 369655 858390 1328658
1496793600 33823 165791 417156 1497711
1496707200 47336 209299 498557 5879010
1496620800 24528 35105 428985 835479
1496534400 24308 18664 196221 1413415
1496448000 32517 171659 449173 1684188
1496361600 41109 224980 434720 1629758
1496275200 29347 211388 141779 2976327
1496188800 33253 174960 549573 1101810
1496102400 128157 532469 2215295 9116317
1496016000 2215295 9116317 2215295 9116317
1495929600 2215295 9116317 2215295 9116317
1495843200 1245888 5221894 2215295 9116317
1495756800 36223 237805 447126 2361505
1495670400 44244 326735 247519 4205723
1495584000 44162 209758 459497 1807958
1495497600 44216 216452 827801 2166400
1495411200 32343 20157 243528 205422
1495324800 38156 103652 1599008 708376
1495238400 38735 166863 187939 1567506
1495152000 40143 157262 413546 2342597
1495065600 37019 159246 548421 1322454
1494979200 50703 203150 421735 2218470
1494892800 34572 126796 192234 805334
1494806400 28084 24478 192341 603265
1494720000 46014 63113 359629 418639
1494633600 30880 67617 477639 652894
1494547200 0 0 0 0
1494460800 0 0 0 0
1494374400 0 0 0 0
1494288000 0 0 0 0
1494201600 0 0 0 0
1494115200 0 0 0 0
1494028800 0 0 0 0
1493942400 0 0 0 0
1493856000 0 0 0 0
1493769600 0 0 0 0
1493683200 0 0 0 0
1493596800 0 0 0 0
1493510400 0 0 0 0
1493424000 0 0 0 0
1493337600 0 0 0 0
1493251200 0 0 0 0
1493164800 0 0 0 0
1493078400 0 0 0 0
1492992000 0 0 0 0
1492905600 0 0 0 0
1492819200 0 0 0 0
1492732800 0 0 0 0
1492646400 0 0 0 0
1492560000 0 0 0 0
1492473600 0 0 0 0
1492387200 0 0 0 0
1492300800 0 0 0 0
1492214400 0 0 0 0
1492128000 0 0 0 0
1492041600 0 0 0 0
1491955200 0 0 0 0
1491868800 0 0 0 0
1491782400 0 0 0 0
1491696000 0 0 0 0
1491609600 0 0 0 0
1491523200 0 0 0 0
1491436800 0 0 0 0
1491350400 0 0 0 0
1491264000 0 0 0 0
1491177600 0 0 0 0
1491091200 0 0 0 0
1491004800 0 0 0 0
1490918400 0 0 0 0
1490832000 0 0 0 0
1490745600 0 0 0 0
1490659200 0 0 0 0
1490572800 0 0 0 0
1490486400 0 0 0 0
1490400000 0 0 0 0
1490313600 0 0 0 0
1490227200 0 0 0 0
1490140800 0 0 0 0
1490054400 0 0 0 0
1489968000 0 0 0 0
1489881600 0 0 0 0
1489795200 0 0 0 0
1489708800 0 0 0 0
1489622400 0 0 0 0
1489536000 0 0 0 0
1489449600 0 0 0 0
1489363200 0 0 0 0
1489276800 0 0 0 0
1489190400 0 0 0 0
1489104000 0 0 0 0
1489017600 0 0 0 0
1488931200 0 0 0 0
1488844800 0 0 0 0
1488758400 0 0 0 0
1488672000 0 0 0 0
1488585600 0 0 0 0
1488499200 0 0 0 0
1488412800 0 0 0 0
1488326400 0 0 0 0
1488240000 0 0 0 0
1488153600 0 0 0 0
1488067200 0 0 0 0
1487980800 0 0 0 0
1487894400 0 0 0 0
1487808000 0 0 0 0
1487721600 0 0 0 0
1487635200 0 0 0 0
1487548800 0 0 0 0
1487462400 0 0 0 0
1487376000 0 0 0 0
1487289600 0 0 0 0
1487203200 0 0 0 0
1487116800 0 0 0 0
1487030400 0 0 0 0
1486944000 0 0 0 0
1486857600 0 0 0 0
1486771200 0 0 0 0
1486684800 0 0 0 0
1486598400 0 0 0 0
1486512000 0 0 0 0
1486425600 0 0 0 0
1486339200 0 0 0 0
1486252800 0 0 0 0
1486166400 0 0 0 0
1486080000 0 0 0 0
1485993600 0 0 0 0
1485907200 0 0 0 0
1485820800 0 0 0 0
1485734400 0 0 0 0
1485648000 0 0 0 0
1485561600 0 0 0 0
1485475200 0 0 0 0
1485388800 0 0 0 0
1485302400 0 0 0 0
1485216000 0 0 0 0
1485129600 0 0 0 0
1485043200 0 0 0 0
1484956800 0 0 0 0
1484870400 0 0 0 0
1484784000 0 0 0 0
1484697600 0 0 0 0
1484611200 0 0 0 0
1484524800 0 0 0 0
1484438400 0 0 0 0
1484352000 0 0 0 0
1484265600 0 0 0 0
1484179200 0 0 0 0
1484092800 0 0 0 0
1484006400 0 0 0 0
1483920000 0 0 0 0
1483833600 0 0 0 0
1483747200 0 0 0 0
1483660800 0 0 0 0
1483574400 0 0 0 0
1483488000 0 0 0 0
1483401600 0 0 0 0
1483315200 0 0 0 0
1483228800 0 0 0 0
1483142400 0 0 0 0
1483056000 0 0 0 0
1482969600 0 0 0 0
1482883200 0 0 0 0
1482796800 0 0 0 0
1482710400 0 0 0 0
1482624000 0 0 0 0
1482537600 0 0 0 0
1482451200 0 0 0 0
1482364800 0 0 0 0
1482278400 0 0 0 0
1482192000 0 0 0 0
1482105600 0 0 0 0
1482019200 0 0 0 0
1481932800 0 0 0 0
1481846400 0 0 0 0
1481760000 0 0 0 0
1481673600 0 0 0 0
1481587200 0 0 0 0
1481500800 0 0 0 0
1481414400 0 0 0 0
1481328000 0 0 0 0
1481241600 0 0 0 0
1481155200 0 0 0 0
1481068800 0 0 0 0
1480982400 0 0 0 0
1480896000 0 0 0 0
1480809600 0 0 0 0
1480723200 0 0 0 0
1480636800 0 0 0 0
1480550400 0 0 0 0
1480464000 0 0 0 0
1480377600 0 0 0 0
1480291200 0 0 0 0
1480204800 0 0 0 0
1480118400 0 0 0 0
1480032000 0 0 0 0
1479945600 0 0 0 0
1479859200 0 0 0 0
1479772800 0 0 0 0
1479686400 0 0 0 0
1479600000 0 0 0 0
1479513600 0 0 0 0
1479427200 0 0 0 0
1479340800 0 0 0 0
1479254400 0 0 0 0
1479168000 0 0 0 0
1479081600 0 0 0 0
1478995200 0 0 0 0
1478908800 0 0 0 0
1478822400 0 0 0 0
1478736000 0 0 0 0
1478649600 0 0 0 0
1478563200 0 0 0 0
1478476800 0 0 0 0
1478390400 0 0 0 0
1478304000 0 0 0 0
1478217600 0 0 0 0
1478131200 0 0 0 0
1478044800 0 0 0 0
1477958400 0 0 0 0
1477872000 0 0 0 0
1477785600 0 0 0 0
1477699200 0 0 0 0
1477612800 0 0 0 0
1477526400 0 0 0 0
1477440000 0 0 0 0
1477353600 0 0 0 0
1477267200 0 0 0 0
1477180800 0 0 0 0
1477094400 0 0 0 0
1477008000 0 0 0 0
1476921600 0 0 0 0
1476835200 0 0 0 0
1476748800 0 0 0 0
1476662400 0 0 0 0
1476576000 0 0 0 0
1476489600 0 0 0 0
1476403200 0 0 0 0
1476316800 0 0 0 0
1476230400 0 0 0 0
1476144000 0 0 0 0
1476057600 0 0 0 0
1475971200 0 0 0 0
1475884800 0 0 0 0
1475798400 0 0 0 0
1475712000 0 0 0 0
1475625600 0 0 0 0
1475539200 0 0 0 0
1475452800 0 0 0 0
1475366400 0 0 0 0
1475280000 0 0 0 0
1475193600 0 0 0 0
1475107200 0 0 0 0
1475020800 0 0 0 0
1474934400 0 0 0 0
1474848000 0 0 0 0
1474761600 0 0 0 0
1474675200 0 0 0 0
1474588800 0 0 0 0
1474502400 0 0 0 0
1474416000 0 0 0 0
1474329600 0 0 0 0
1474243200 0 0 0 0
1474156800 0 0 0 0
1474070400 0 0 0 0
1473984000 0 0 0 0
1473897600 0 0 0 0
1473811200 0 0 0 0
1473724800 0 0 0 0
1473638400 0 0 0 0
1473552000 0 0 0 0
1473465600 0 0 0 0
1473379200 0 0 0 0
1473292800 0 0 0 0
1473206400 0 0 0 0
1473120000 0 0 0 0
1473033600 0 0 0 0
1472947200 0 0 0 0
1472860800 0 0 0 0
1472774400 0 0 0 0
1472688000 0 0 0 0
1472601600 0 0 0 0
1472515200 0 0 0 0
1472428800 0 0 0 0
1472342400 0 0 0 0
1472256000 0 0 0 0
1472169600 0 0 0 0
1472083200 0 0 0 0
1471996800 0 0 0 0
1471910400 0 0 0 0
1471824000 0 0 0 0
1471737600 0 0 0 0
1471651200 0 0 0 0
1471564800 0 0 0 0
1471478400 0 0 0 0
1471392000 0 0 0 0
1471305600 0 0 0 0
1471219200 0 0 0 0
1471132800 0 0 0 0
1471046400 0 0 0 0
1470960000 0 0 0 0
1470873600 0 0 0 0
1470787200 0 0 0 0
1470700800 0 0 0 0
1470614400 0 0 0 0
1470528000 0 0 0 0
1470441600 0 0 0 0
1470355200 0 0 0 0
1470268800 0 0 0 0
1470182400 0 0 0 0
1470096000 0 0 0 0
1470009600 0 0 0 0
1469923200 0 0 0 0
1469836800 0 0 0 0
1469750400 0 0 0 0
1469664000 0 0 0 0
1469577600 0 0 0 0
1469491200 0 0 0 0
1469404800 0 0 0 0
1469318400 0 0 0 0
1469232000 0 0 0 0
1469145600 0 0 0 0
1469059200 0 0 0 0
1468972800 0 0 0 0
1468886400 0 0 0 0
1468800000 0 0 0 0
1468713600 0 0 0 0
1468627200 0 0 0 0
1468540800 0 0 0 0
1468454400 0 0 0 0
1468368000 0 0 0 0
1468281600 0 0 0 0
1468195200 0 0 0 0
1468108800 0 0 0 0
1468022400 0 0 0 0
1467936000 0 0 0 0
1467849600 0 0 0 0
1467763200 0 0 0 0
1467676800 0 0 0 0
1467590400 0 0 0 0
1467504000 0 0 0 0
1467417600 0 0 0 0
1467331200 0 0 0 0
1467244800 0 0 0 0
1467158400 0 0 0 0
1467072000 0 0 0 0
1466985600 0 0 0 0
1466899200 0 0 0 0
1466812800 0 0 0 0
1466726400 0 0 0 0
1466640000 0 0 0 0
1466553600 0 0 0 0
1466467200 0 0 0 0
1466380800 0 0 0 0
1466294400 0 0 0 0
1466208000 0 0 0 0
1466121600 0 0 0 0
1466035200 0 0 0 0
1465948800 0 0 0 0
1465862400 0 0 0 0
1465776000 0 0 0 0
1465689600 0 0 0 0
1465603200 0 0 0 0
1465516800 0 0 0 0
1465430400 0 0 0 0
1465344000 0 0 0 0
1465257600 0 0 0 0
1465171200 0 0 0 0
1465084800 0 0 0 0
1464998400 0 0 0 0
1464912000 0 0 0 0
1464825600 0 0 0 0
1464739200 0 0 0 0
1464652800 0 0 0 0
1464566400 0 0 0 0
1464480000 0 0 0 0
1464393600 0 0 0 0
1464307200 0 0 0 0
1464220800 0 0 0 0
1464134400 0 0 0 0
1464048000 0 0 0 0
1463961600 0 0 0 0
1463875200 0 0 0 0
1463788800 0 0 0 0
1463702400 0 0 0 0
1463616000 0 0 0 0
1463529600 0 0 0 0
1463443200 0 0 0 0
1463356800 0 0 0 0
1463270400 0 0 0 0
1463184000 0 0 0 0
1463097600 0 0 0 0
1463011200 0 0 0 0
1462924800 0 0 0 0
1462838400 0 0 0 0
1462752000 0 0 0 0
1462665600 0 0 0 0
1462579200 0 0 0 0
1462492800 0 0 0 0
1462406400 0 0 0 0
1462320000 0 0 0 0
1462233600 0 0 0 0
1462147200 0 0 0 0
1462060800 0 0 0 0
1461974400 0 0 0 0
1461888000 0 0 0 0
1461801600 0 0 0 0
1461715200 0 0 0 0
1461628800 0 0 0 0
1461542400 0 0 0 0
1461456000 0 0 0 0
1461369600 0 0 0 0
1461283200 0 0 0 0
1461196800 0 0 0 0
1461110400 0 0 0 0
1461024000 0 0 0 0
1460937600 0 0 0 0
1460851200 0 0 0 0
1460764800 0 0 0 0
1460678400 0 0 0 0
1460592000 0 0 0 0
1460505600 0 0 0 0
1460419200 0 0 0 0
1460332800 0 0 0 0
1460246400 0 0 0 0
1460160000 0 0 0 0
1460073600 0 0 0 0
1459987200 0 0 0 0
1459900800 0 0 0 0
1459814400 0 0 0 0
1459728000 0 0 0 0
1459641600 0 0 0 0
1459555200 0 0 0 0
1459468800 0 0 0 0
1459382400 0 0 0 0
1459296000 0 0 0 0
1459209600 0 0 0 0
1459123200 0 0 0 0
1459036800 0 0 0 0
1458950400 0 0 0 0
1458864000 0 0 0 0
1458777600 0 0 0 0
1458691200 0 0 0 0
1458604800 0 0 0 0
1458518400 0 0 0 0
1458432000 0 0 0 0
1458345600 0 0 0 0
1458259200 0 0 0 0
1458172800 0 0 0 0
1458086400 0 0 0 0
1458000000 0 0 0 0
1457913600 0 0 0 0
1457827200 0 0 0 0
1457740800 0 0 0 0
1457654400 0 0 0 0
1457568000 0 0 0 0
1457481600 0 0 0 0
1457395200 0 0 0 0
1457308800 0 0 0 0
1457222400 0 0 0 0
1457136000 0 0 0 0
1457049600 0 0 0 0
1456963200 0 0 0 0
1456876800 0 0 0 0
1456790400 0 0 0 0
1456704000 0 0 0 0
1456617600 0 0 0 0
1456531200 0 0 0 0
1456444800 0 0 0 0
1456358400 0 0 0 0
1456272000 0 0 0 0
1456185600 0 0 0 0
1456099200 0 0 0 0
1456012800 0 0 0 0
1455926400 0 0 0 0
1455840000 0 0 0 0
1455753600 0 0 0 0
1455667200 0 0 0 0
1455580800 0 0 0 0
1455494400 0 0 0 0
1455408000 0 0 0 0
1455321600 0 0 0 0
1455235200 0 0 0 0
1455148800 0 0 0 0
1455062400 0 0 0 0
1454976000 0 0 0 0
1454889600 0 0 0 0
1454803200 0 0 0 0
1454716800 0 0 0 0
1454630400 0 0 0 0
1454544000 0 0 0 0
1454457600 0 0 0 0
1454371200 0 0 0 0
1454284800 0 0 0 0
1454198400 0 0 0 0
1454112000 0 0 0 0
1454025600 0 0 0 0
1453939200 0 0 0 0
1453852800 0 0 0 0
1453766400 0 0 0 0
1453680000 0 0 0 0
1453593600 0 0 0 0
1453507200 0 0 0 0
1453420800 0 0 0 0
1453334400 0 0 0 0
1453248000 0 0 0 0
1453161600 0 0 0 0
1453075200 0 0 0 0
1452988800 0 0 0 0
1452902400 0 0 0 0
1452816000 0 0 0 0
1452729600 0 0 0 0
1452643200 0 0 0 0
1452556800 0 0 0 0
1452470400 0 0 0 0
1452384000 0 0 0 0
1452297600 0 0 0 0
1452211200 0 0 0 0
1452124800 0 0 0 0
1452038400 0 0 0 0
1451952000 0 0 0 0
1451865600 0 0 0 0
1451779200 0 0 0 0
1451692800 0 0 0 0
1451606400 0 0 0 0
1451520000 0 0 0 0
1451433600 0 0 0 0
1451347200 0 0 0 0
1451260800 0 0 0 0
1451174400 0 0 0 0
1451088000 0 0 0 0
1451001600 0 0 0 0
1450915200 0 0 0 0
1450828800 0 0 0 0
1450742400 0 0 0 0
1450656000 0 0 0 0
1450569600 0 0 0 0
1450483200 0 0 0 0
1450396800 0 0 0 0
1450310400 0 0 0 0
1450224000 0 0 0 0
1450137600 0 0 0 0
1450051200 0 0 0 0
1449964800 0 0 0 0
1449878400 0 0 0 0
1449792000 0 0 0 0
1449705600 0 0 0 0
1449619200 0 0 0 0
1449532800 0 0 0 0
1449446400 0 0 0 0
1449360000 0 0 0 0
1449273600 0 0 0 0
1449187200 0 0 0 0
1449100800 0 0 0 0
1449014400 0 0 0 0
1448928000 0 0 0 0
1448841600 0 0 0 0
1448755200 0 0 0 0
1448668800 0 0 0 0
1448582400 0 0 0 0
1448496000 0 0 0 0
1448409600 0 0 0 0
1448323200 0 0 0 0
1448236800 0 0 0 0
1448150400 0 0 0 0
1448064000 0 0 0 0
1447977600 0 0 0 0
1447891200 0 0 0 0
1447804800 0 0 0 0
1447718400 0 0 0 0
1447632000 0 0 0 0
1447545600 0 0 0 0
1447459200 0 0 0 0
1447372800 0 0 0 0
1447286400 0 0 0 0
1447200000 0 0 0 0
1447113600 0 0 0 0
1447027200 0 0 0 0
1446940800 0 0 0 0
1446854400 0 0 0 0
1446768000 0 0 0 0
1446681600 0 0 0 0
1446595200 0 0 0 0
1446508800 0 0 0 0
1446422400 0 0 0 0
1446336000 0 0 0 0
1446249600 0 0 0 0
1446163200 0 0 0 0
1446076800 0 0 0 0
1445990400 0 0 0 0
1445904000 0 0 0 0
1445817600 0 0 0 0
1445731200 0 0 0 0
1445644800 0 0 0 0
1445558400 0 0 0 0
1445472000 0 0 0 0
1445385600 0 0 0 0
1445299200 0 0 0 0
1445212800 0 0 0 0
1445126400 0 0 0 0
1445040000 0 0 0 0
1444953600 0 0 0 0
1444867200 0 0 0 0
1444780800 0 0 0 0
1444694400 0 0 0 0
1444608000 0 0 0 0
1444521600 0 0 0 0
1444435200 0 0 0 0
1444348800 0 0 0 0
1444262400 0 0 0 0
1444176000 0 0 0 0
1444089600 0 0 0 0
1444003200 0 0 0 0
1443916800 0 0 0 0
1443830400 0 0 0 0
1443744000 0 0 0 0
1443657600 0 0 0 0
1443571200 0 0 0 0
1443484800 0 0 0 0
1443398400 0 0 0 0
1443312000 0 0 0 0
1443225600 0 0 0 0
1443139200 0 0 0 0
1443052800 0 0 0 0
1442966400 0 0 0 0
1442880000 0 0 0 0
1442793600 0 0 0 0
1442707200 0 0 0 0
1442620800 0 0 0 0
1442534400 0 0 0 0
1442448000 0 0 0 0
1442361600 0 0 0 0
1442275200 0 0 0 0
1442188800 0 0 0 0
1442102400 0 0 0 0
1442016000 0 0 0 0
1441929600 0 0 0 0
1441843200 0 0 0 0
1441756800 0 0 0 0
1441670400 0 0 0 0
1441584000 0 0 0 0
1441497600 0 0 0 0
1441411200 0 0 0 0
1441324800 0 0 0 0
1441238400 0 0 0 0
1441152000 0 0 0 0
1441065600 0 0 0 0
1440979200 0 0 0 0
1440892800 0 0 0 0
1440806400 0 0 0 0
1440720000 0 0 0 0
1440633600 0 0 0 0
1440547200 0 0 0 0
1440460800 0 0 0 0
1440374400 0 0 0 0
1440288000 0 0 0 0
1440201600 0 0 0 0
1440115200 0 0 0 0
1440028800 0 0 0 0
1439942400 0 0 0 0
1439856000 0 0 0 0
1439769600 0 0 0 0
1439683200 0 0 0 0
1439596800 0 0 0 0
1439510400 0 0 0 0
1439424000 0 0 0 0
1439337600 0 0 0 0
1439251200 0 0 0 0
1439164800 0 0 0 0
1439078400 0 0 0 0
1438992000 0 0 0 0
1438905600 0 0 0 0
1438819200 0 0 0 0
1438732800 0 0 0 0
1438646400 0 0 0 0
1438560000 0 0 0 0
1438473600 0 0 0 0
1438387200 0 0 0 0
1438300800 0 0 0 0
1438214400 0 0 0 0
1438128000 0 0 0 0
1438041600 0 0 0 0
1437955200 0 0 0 0
1437868800 0 0 0 0
1437782400 0 0 0 0
1437696000 0 0 0 0
1437609600 0 0 0 0
1437523200 0 0 0 0
1437436800 0 0 0 0
1437350400 0 0 0 0
1437264000 0 0 0 0
1437177600 0 0 0 0
1437091200 0 0 0 0
1437004800 0 0 0 0
1436918400 0 0 0 0
1436832000 0 0 0 0
1436745600 0 0 0 0
1436659200 0 0 0 0
1436572800 0 0 0 0
1436486400 0 0 0 0
1436400000 0 0 0 0
1436313600 0 0 0 0
1436227200 0 0 0 0
1436140800 0 0 0 0
1436054400 0 0 0 0
1435968000 0 0 0 0
1435881600 0 0 0 0
1435795200 0 0 0 0
1435708800 0 0 0 0
1435622400 0 0 0 0
1435536000 0 0 0 0
1435449600 0 0 0 0
1435363200 0 0 0 0
1435276800 0 0 0 0
1435190400 0 0 0 0
1435104000 0 0 0 0
1435017600 0 0 0 0
1434931200 0 0 0 0
1434844800 0 0 0 0
1434758400 0 0 0 0
1434672000 0 0 0 0
1434585600 0 0 0 0
1434499200 0 0 0 0
1434412800 0 0 0 0
1434326400 0 0 0 0
1434240000 0 0 0 0
1434153600 0 0 0 0
1434067200 0 0 0 0
1433980800 0 0 0 0
1433894400 0 0 0 0
1433808000 0 0 0 0
1433721600 0 0 0 0
1433635200 0 0 0 0
